2022-02-15 16:37:13,253 INFO    MainThread:12824 [internal.py:wandb_internal():88] W&B internal server running at pid: 12824, started at: 2022-02-15 16:37:13.253223
2022-02-15 16:37:13,256 INFO    WriterThread:12824 [datastore.py:open_for_write():77] open: /Users/jelaleddin/MLPipeline-TelcoCustomerChurn/components/train_model/wandb/run-20220215_163710-3ayoi3vp/run-3ayoi3vp.wandb
2022-02-15 16:37:13,257 DEBUG   HandlerThread:12824 [handler.py:handle_request():124] handle_request: check_version
2022-02-15 16:37:13,260 DEBUG   SenderThread:12824 [sender.py:send():179] send: header
2022-02-15 16:37:13,260 DEBUG   SenderThread:12824 [sender.py:send_request():193] send_request: check_version
2022-02-15 16:37:13,914 DEBUG   SenderThread:12824 [sender.py:send():179] send: run
2022-02-15 16:37:14,595 DEBUG   HandlerThread:12824 [handler.py:handle_request():124] handle_request: run_start
2022-02-15 16:37:14,597 INFO    SenderThread:12824 [dir_watcher.py:__init__():168] watching files in: /Users/jelaleddin/MLPipeline-TelcoCustomerChurn/components/train_model/wandb/run-20220215_163710-3ayoi3vp/files
2022-02-15 16:37:14,600 INFO    SenderThread:12824 [sender.py:_start_run_threads():704] run started: 3ayoi3vp with start time 1644925030
2022-02-15 16:37:14,600 DEBUG   SenderThread:12824 [sender.py:send():179] send: summary
2022-02-15 16:37:14,601 DEBUG   HandlerThread:12824 [meta.py:__init__():39] meta init
2022-02-15 16:37:14,602 DEBUG   HandlerThread:12824 [meta.py:__init__():53] meta init done
2022-02-15 16:37:14,602 DEBUG   HandlerThread:12824 [meta.py:probe():210] probe
2022-02-15 16:37:14,604 INFO    SenderThread:12824 [sender.py:_save_file():829] saving file wandb-summary.json with policy end
2022-02-15 16:37:14,616 DEBUG   HandlerThread:12824 [meta.py:_setup_git():200] setup git
2022-02-15 16:37:14,679 DEBUG   HandlerThread:12824 [meta.py:_setup_git():207] setup git done
2022-02-15 16:37:14,680 DEBUG   HandlerThread:12824 [meta.py:_save_pip():57] save pip
2022-02-15 16:37:14,682 DEBUG   HandlerThread:12824 [meta.py:_save_pip():71] save pip done
2022-02-15 16:37:14,682 DEBUG   HandlerThread:12824 [meta.py:_save_conda():78] save conda
2022-02-15 16:37:15,613 INFO    Thread-8  :12824 [dir_watcher.py:_on_file_created():216] file/dir created: /Users/jelaleddin/MLPipeline-TelcoCustomerChurn/components/train_model/wandb/run-20220215_163710-3ayoi3vp/files/wandb-summary.json
2022-02-15 16:37:15,614 INFO    Thread-8  :12824 [dir_watcher.py:_on_file_created():216] file/dir created: /Users/jelaleddin/MLPipeline-TelcoCustomerChurn/components/train_model/wandb/run-20220215_163710-3ayoi3vp/files/conda-environment.yaml
2022-02-15 16:37:15,615 INFO    Thread-8  :12824 [dir_watcher.py:_on_file_created():216] file/dir created: /Users/jelaleddin/MLPipeline-TelcoCustomerChurn/components/train_model/wandb/run-20220215_163710-3ayoi3vp/files/requirements.txt
2022-02-15 16:37:19,148 DEBUG   HandlerThread:12824 [meta.py:_save_conda():86] save conda done
2022-02-15 16:37:19,148 DEBUG   HandlerThread:12824 [meta.py:probe():252] probe done
2022-02-15 16:37:19,160 DEBUG   SenderThread:12824 [sender.py:send():179] send: files
2022-02-15 16:37:19,160 INFO    SenderThread:12824 [sender.py:_save_file():829] saving file wandb-metadata.json with policy now
2022-02-15 16:37:19,175 DEBUG   HandlerThread:12824 [handler.py:handle_request():124] handle_request: stop_status
2022-02-15 16:37:19,176 DEBUG   SenderThread:12824 [sender.py:send_request():193] send_request: stop_status
2022-02-15 16:37:19,622 INFO    Thread-8  :12824 [dir_watcher.py:_on_file_modified():229] file/dir modified: /Users/jelaleddin/MLPipeline-TelcoCustomerChurn/components/train_model/wandb/run-20220215_163710-3ayoi3vp/files/conda-environment.yaml
2022-02-15 16:37:19,623 INFO    Thread-8  :12824 [dir_watcher.py:_on_file_created():216] file/dir created: /Users/jelaleddin/MLPipeline-TelcoCustomerChurn/components/train_model/wandb/run-20220215_163710-3ayoi3vp/files/wandb-metadata.json
2022-02-15 16:37:19,623 INFO    Thread-8  :12824 [dir_watcher.py:_on_file_created():216] file/dir created: /Users/jelaleddin/MLPipeline-TelcoCustomerChurn/components/train_model/wandb/run-20220215_163710-3ayoi3vp/files/output.log
2022-02-15 16:37:21,633 INFO    Thread-8  :12824 [dir_watcher.py:_on_file_modified():229] file/dir modified: /Users/jelaleddin/MLPipeline-TelcoCustomerChurn/components/train_model/wandb/run-20220215_163710-3ayoi3vp/files/output.log
2022-02-15 16:38:10,877 ERROR   SenderThread:12824 [retry.py:__call__():126] Retry attempt failed:
Traceback (most recent call last):
  File "/Users/jelaleddin/anaconda3/envs/mlflow-ed3e60702d0de8e442bdd8c760d5ddec161b9573/lib/python3.9/site-packages/urllib3/connection.py", line 159, in _new_conn
    conn = connection.create_connection(
  File "/Users/jelaleddin/anaconda3/envs/mlflow-ed3e60702d0de8e442bdd8c760d5ddec161b9573/lib/python3.9/site-packages/urllib3/util/connection.py", line 84, in create_connection
    raise err
  File "/Users/jelaleddin/anaconda3/envs/mlflow-ed3e60702d0de8e442bdd8c760d5ddec161b9573/lib/python3.9/site-packages/urllib3/util/connection.py", line 74, in create_connection
    sock.connect(sa)
socket.timeout: timed out

During handling of the above exception, another exception occurred:

Traceback (most recent call last):
  File "/Users/jelaleddin/anaconda3/envs/mlflow-ed3e60702d0de8e442bdd8c760d5ddec161b9573/lib/python3.9/site-packages/urllib3/connectionpool.py", line 670, in urlopen
    httplib_response = self._make_request(
  File "/Users/jelaleddin/anaconda3/envs/mlflow-ed3e60702d0de8e442bdd8c760d5ddec161b9573/lib/python3.9/site-packages/urllib3/connectionpool.py", line 381, in _make_request
    self._validate_conn(conn)
  File "/Users/jelaleddin/anaconda3/envs/mlflow-ed3e60702d0de8e442bdd8c760d5ddec161b9573/lib/python3.9/site-packages/urllib3/connectionpool.py", line 978, in _validate_conn
    conn.connect()
  File "/Users/jelaleddin/anaconda3/envs/mlflow-ed3e60702d0de8e442bdd8c760d5ddec161b9573/lib/python3.9/site-packages/urllib3/connection.py", line 309, in connect
    conn = self._new_conn()
  File "/Users/jelaleddin/anaconda3/envs/mlflow-ed3e60702d0de8e442bdd8c760d5ddec161b9573/lib/python3.9/site-packages/urllib3/connection.py", line 164, in _new_conn
    raise ConnectTimeoutError(
urllib3.exceptions.ConnectTimeoutError: (<urllib3.connection.HTTPSConnection object at 0x1359d96d0>, 'Connection to api.wandb.ai timed out. (connect timeout=10)')

During handling of the above exception, another exception occurred:

Traceback (most recent call last):
  File "/Users/jelaleddin/anaconda3/envs/mlflow-ed3e60702d0de8e442bdd8c760d5ddec161b9573/lib/python3.9/site-packages/requests/adapters.py", line 439, in send
    resp = conn.urlopen(
  File "/Users/jelaleddin/anaconda3/envs/mlflow-ed3e60702d0de8e442bdd8c760d5ddec161b9573/lib/python3.9/site-packages/urllib3/connectionpool.py", line 726, in urlopen
    retries = retries.increment(
  File "/Users/jelaleddin/anaconda3/envs/mlflow-ed3e60702d0de8e442bdd8c760d5ddec161b9573/lib/python3.9/site-packages/urllib3/util/retry.py", line 446, in increment
    raise MaxRetryError(_pool, url, error or ResponseError(cause))
urllib3.exceptions.MaxRetryError: HTTPSConnectionPool(host='api.wandb.ai', port=443): Max retries exceeded with url: /graphql (Caused by ConnectTimeoutError(<urllib3.connection.HTTPSConnection object at 0x1359d96d0>, 'Connection to api.wandb.ai timed out. (connect timeout=10)'))

During handling of the above exception, another exception occurred:

Traceback (most recent call last):
  File "/Users/jelaleddin/anaconda3/envs/mlflow-ed3e60702d0de8e442bdd8c760d5ddec161b9573/lib/python3.9/site-packages/wandb/sdk/lib/retry.py", line 102, in __call__
    result = self._call_fn(*args, **kwargs)
  File "/Users/jelaleddin/anaconda3/envs/mlflow-ed3e60702d0de8e442bdd8c760d5ddec161b9573/lib/python3.9/site-packages/wandb/sdk/internal/internal_api.py", line 127, in execute
    return self.client.execute(*args, **kwargs)
  File "/Users/jelaleddin/anaconda3/envs/mlflow-ed3e60702d0de8e442bdd8c760d5ddec161b9573/lib/python3.9/site-packages/wandb/vendor/gql-0.2.0/gql/client.py", line 52, in execute
    result = self._get_result(document, *args, **kwargs)
  File "/Users/jelaleddin/anaconda3/envs/mlflow-ed3e60702d0de8e442bdd8c760d5ddec161b9573/lib/python3.9/site-packages/wandb/vendor/gql-0.2.0/gql/client.py", line 60, in _get_result
    return self.transport.execute(document, *args, **kwargs)
  File "/Users/jelaleddin/anaconda3/envs/mlflow-ed3e60702d0de8e442bdd8c760d5ddec161b9573/lib/python3.9/site-packages/wandb/vendor/gql-0.2.0/gql/transport/requests.py", line 38, in execute
    request = requests.post(self.url, **post_args)
  File "/Users/jelaleddin/anaconda3/envs/mlflow-ed3e60702d0de8e442bdd8c760d5ddec161b9573/lib/python3.9/site-packages/requests/api.py", line 119, in post
    return request('post', url, data=data, json=json, **kwargs)
  File "/Users/jelaleddin/anaconda3/envs/mlflow-ed3e60702d0de8e442bdd8c760d5ddec161b9573/lib/python3.9/site-packages/requests/api.py", line 61, in request
    return session.request(method=method, url=url, **kwargs)
  File "/Users/jelaleddin/anaconda3/envs/mlflow-ed3e60702d0de8e442bdd8c760d5ddec161b9573/lib/python3.9/site-packages/requests/sessions.py", line 530, in request
    resp = self.send(prep, **send_kwargs)
  File "/Users/jelaleddin/anaconda3/envs/mlflow-ed3e60702d0de8e442bdd8c760d5ddec161b9573/lib/python3.9/site-packages/requests/sessions.py", line 643, in send
    r = adapter.send(request, **kwargs)
  File "/Users/jelaleddin/anaconda3/envs/mlflow-ed3e60702d0de8e442bdd8c760d5ddec161b9573/lib/python3.9/site-packages/requests/adapters.py", line 504, in send
    raise ConnectTimeout(e, request=request)
requests.exceptions.ConnectTimeout: HTTPSConnectionPool(host='api.wandb.ai', port=443): Max retries exceeded with url: /graphql (Caused by ConnectTimeoutError(<urllib3.connection.HTTPSConnection object at 0x1359d96d0>, 'Connection to api.wandb.ai timed out. (connect timeout=10)'))
2022-02-15 16:38:10,874 ERROR   Thread-11 :12824 [retry.py:__call__():126] Retry attempt failed:
Traceback (most recent call last):
  File "/Users/jelaleddin/anaconda3/envs/mlflow-ed3e60702d0de8e442bdd8c760d5ddec161b9573/lib/python3.9/site-packages/urllib3/connection.py", line 159, in _new_conn
    conn = connection.create_connection(
  File "/Users/jelaleddin/anaconda3/envs/mlflow-ed3e60702d0de8e442bdd8c760d5ddec161b9573/lib/python3.9/site-packages/urllib3/util/connection.py", line 84, in create_connection
    raise err
  File "/Users/jelaleddin/anaconda3/envs/mlflow-ed3e60702d0de8e442bdd8c760d5ddec161b9573/lib/python3.9/site-packages/urllib3/util/connection.py", line 74, in create_connection
    sock.connect(sa)
socket.timeout: timed out

During handling of the above exception, another exception occurred:

Traceback (most recent call last):
  File "/Users/jelaleddin/anaconda3/envs/mlflow-ed3e60702d0de8e442bdd8c760d5ddec161b9573/lib/python3.9/site-packages/urllib3/connectionpool.py", line 670, in urlopen
    httplib_response = self._make_request(
  File "/Users/jelaleddin/anaconda3/envs/mlflow-ed3e60702d0de8e442bdd8c760d5ddec161b9573/lib/python3.9/site-packages/urllib3/connectionpool.py", line 381, in _make_request
    self._validate_conn(conn)
  File "/Users/jelaleddin/anaconda3/envs/mlflow-ed3e60702d0de8e442bdd8c760d5ddec161b9573/lib/python3.9/site-packages/urllib3/connectionpool.py", line 978, in _validate_conn
    conn.connect()
  File "/Users/jelaleddin/anaconda3/envs/mlflow-ed3e60702d0de8e442bdd8c760d5ddec161b9573/lib/python3.9/site-packages/urllib3/connection.py", line 309, in connect
    conn = self._new_conn()
  File "/Users/jelaleddin/anaconda3/envs/mlflow-ed3e60702d0de8e442bdd8c760d5ddec161b9573/lib/python3.9/site-packages/urllib3/connection.py", line 164, in _new_conn
    raise ConnectTimeoutError(
urllib3.exceptions.ConnectTimeoutError: (<urllib3.connection.HTTPSConnection object at 0x1359d9ac0>, 'Connection to api.wandb.ai timed out. (connect timeout=10)')

During handling of the above exception, another exception occurred:

Traceback (most recent call last):
  File "/Users/jelaleddin/anaconda3/envs/mlflow-ed3e60702d0de8e442bdd8c760d5ddec161b9573/lib/python3.9/site-packages/requests/adapters.py", line 439, in send
    resp = conn.urlopen(
  File "/Users/jelaleddin/anaconda3/envs/mlflow-ed3e60702d0de8e442bdd8c760d5ddec161b9573/lib/python3.9/site-packages/urllib3/connectionpool.py", line 726, in urlopen
    retries = retries.increment(
  File "/Users/jelaleddin/anaconda3/envs/mlflow-ed3e60702d0de8e442bdd8c760d5ddec161b9573/lib/python3.9/site-packages/urllib3/util/retry.py", line 446, in increment
    raise MaxRetryError(_pool, url, error or ResponseError(cause))
urllib3.exceptions.MaxRetryError: HTTPSConnectionPool(host='api.wandb.ai', port=443): Max retries exceeded with url: /graphql (Caused by ConnectTimeoutError(<urllib3.connection.HTTPSConnection object at 0x1359d9ac0>, 'Connection to api.wandb.ai timed out. (connect timeout=10)'))

During handling of the above exception, another exception occurred:

Traceback (most recent call last):
  File "/Users/jelaleddin/anaconda3/envs/mlflow-ed3e60702d0de8e442bdd8c760d5ddec161b9573/lib/python3.9/site-packages/wandb/sdk/lib/retry.py", line 102, in __call__
    result = self._call_fn(*args, **kwargs)
  File "/Users/jelaleddin/anaconda3/envs/mlflow-ed3e60702d0de8e442bdd8c760d5ddec161b9573/lib/python3.9/site-packages/wandb/sdk/internal/internal_api.py", line 127, in execute
    return self.client.execute(*args, **kwargs)
  File "/Users/jelaleddin/anaconda3/envs/mlflow-ed3e60702d0de8e442bdd8c760d5ddec161b9573/lib/python3.9/site-packages/wandb/vendor/gql-0.2.0/gql/client.py", line 52, in execute
    result = self._get_result(document, *args, **kwargs)
  File "/Users/jelaleddin/anaconda3/envs/mlflow-ed3e60702d0de8e442bdd8c760d5ddec161b9573/lib/python3.9/site-packages/wandb/vendor/gql-0.2.0/gql/client.py", line 60, in _get_result
    return self.transport.execute(document, *args, **kwargs)
  File "/Users/jelaleddin/anaconda3/envs/mlflow-ed3e60702d0de8e442bdd8c760d5ddec161b9573/lib/python3.9/site-packages/wandb/vendor/gql-0.2.0/gql/transport/requests.py", line 38, in execute
    request = requests.post(self.url, **post_args)
  File "/Users/jelaleddin/anaconda3/envs/mlflow-ed3e60702d0de8e442bdd8c760d5ddec161b9573/lib/python3.9/site-packages/requests/api.py", line 119, in post
    return request('post', url, data=data, json=json, **kwargs)
  File "/Users/jelaleddin/anaconda3/envs/mlflow-ed3e60702d0de8e442bdd8c760d5ddec161b9573/lib/python3.9/site-packages/requests/api.py", line 61, in request
    return session.request(method=method, url=url, **kwargs)
  File "/Users/jelaleddin/anaconda3/envs/mlflow-ed3e60702d0de8e442bdd8c760d5ddec161b9573/lib/python3.9/site-packages/requests/sessions.py", line 530, in request
    resp = self.send(prep, **send_kwargs)
  File "/Users/jelaleddin/anaconda3/envs/mlflow-ed3e60702d0de8e442bdd8c760d5ddec161b9573/lib/python3.9/site-packages/requests/sessions.py", line 643, in send
    r = adapter.send(request, **kwargs)
  File "/Users/jelaleddin/anaconda3/envs/mlflow-ed3e60702d0de8e442bdd8c760d5ddec161b9573/lib/python3.9/site-packages/requests/adapters.py", line 504, in send
    raise ConnectTimeout(e, request=request)
requests.exceptions.ConnectTimeout: HTTPSConnectionPool(host='api.wandb.ai', port=443): Max retries exceeded with url: /graphql (Caused by ConnectTimeoutError(<urllib3.connection.HTTPSConnection object at 0x1359d9ac0>, 'Connection to api.wandb.ai timed out. (connect timeout=10)'))
2022-02-15 16:38:12,912 INFO    Thread-8  :12824 [dir_watcher.py:_on_file_modified():229] file/dir modified: /Users/jelaleddin/MLPipeline-TelcoCustomerChurn/components/train_model/wandb/run-20220215_163710-3ayoi3vp/files/output.log
2022-02-15 16:38:13,372 DEBUG   HandlerThread:12824 [handler.py:handle_request():124] handle_request: poll_exit
2022-02-15 16:38:13,924 INFO    Thread-8  :12824 [dir_watcher.py:_on_file_modified():229] file/dir modified: /Users/jelaleddin/MLPipeline-TelcoCustomerChurn/components/train_model/wandb/run-20220215_163710-3ayoi3vp/files/output.log
2022-02-15 16:38:18,487 DEBUG   HandlerThread:12824 [handler.py:handle_request():124] handle_request: poll_exit
2022-02-15 16:38:23,599 DEBUG   HandlerThread:12824 [handler.py:handle_request():124] handle_request: poll_exit
2022-02-15 16:38:28,715 DEBUG   SenderThread:12824 [sender.py:send():179] send: config
2022-02-15 16:38:28,717 DEBUG   SenderThread:12824 [sender.py:send():179] send: telemetry
2022-02-15 16:38:28,719 DEBUG   SenderThread:12824 [sender.py:send():179] send: exit
2022-02-15 16:38:28,723 INFO    SenderThread:12824 [sender.py:send_exit():287] handling exit code: 1
2022-02-15 16:38:28,724 INFO    SenderThread:12824 [sender.py:send_exit():295] send defer
2022-02-15 16:38:28,725 DEBUG   SenderThread:12824 [sender.py:send_request():193] send_request: poll_exit
2022-02-15 16:38:28,726 DEBUG   HandlerThread:12824 [handler.py:handle_request():124] handle_request: defer
2022-02-15 16:38:28,727 INFO    HandlerThread:12824 [handler.py:handle_request_defer():141] handle defer: 0
2022-02-15 16:38:28,726 DEBUG   SenderThread:12824 [sender.py:send_request():193] send_request: poll_exit
2022-02-15 16:38:28,727 DEBUG   SenderThread:12824 [sender.py:send_request():193] send_request: poll_exit
2022-02-15 16:38:28,728 DEBUG   SenderThread:12824 [sender.py:send():179] send: stats
2022-02-15 16:38:28,729 DEBUG   SenderThread:12824 [sender.py:send_request():193] send_request: defer
2022-02-15 16:38:28,729 INFO    SenderThread:12824 [sender.py:send_request_defer():304] handle sender defer: 0
2022-02-15 16:38:28,729 INFO    SenderThread:12824 [sender.py:send_request_defer():342] send defer: 1
2022-02-15 16:38:28,729 DEBUG   HandlerThread:12824 [handler.py:handle_request():124] handle_request: defer
2022-02-15 16:38:28,729 INFO    HandlerThread:12824 [handler.py:handle_request_defer():141] handle defer: 1
2022-02-15 16:38:28,734 DEBUG   SenderThread:12824 [sender.py:send_request():193] send_request: defer
2022-02-15 16:38:28,734 INFO    SenderThread:12824 [sender.py:send_request_defer():304] handle sender defer: 1
2022-02-15 16:38:28,734 INFO    SenderThread:12824 [sender.py:send_request_defer():342] send defer: 2
2022-02-15 16:38:28,735 DEBUG   SenderThread:12824 [sender.py:send():179] send: stats
2022-02-15 16:38:28,735 DEBUG   HandlerThread:12824 [handler.py:handle_request():124] handle_request: defer
2022-02-15 16:38:28,735 INFO    HandlerThread:12824 [handler.py:handle_request_defer():141] handle defer: 2
2022-02-15 16:38:28,735 DEBUG   SenderThread:12824 [sender.py:send_request():193] send_request: defer
2022-02-15 16:38:28,735 INFO    SenderThread:12824 [sender.py:send_request_defer():304] handle sender defer: 2
2022-02-15 16:38:28,735 INFO    SenderThread:12824 [sender.py:send_request_defer():342] send defer: 3
2022-02-15 16:38:28,735 DEBUG   HandlerThread:12824 [handler.py:handle_request():124] handle_request: defer
2022-02-15 16:38:28,736 INFO    HandlerThread:12824 [handler.py:handle_request_defer():141] handle defer: 3
2022-02-15 16:38:28,736 DEBUG   SenderThread:12824 [sender.py:send():179] send: summary
2022-02-15 16:38:28,736 INFO    SenderThread:12824 [sender.py:_save_file():829] saving file wandb-summary.json with policy end
2022-02-15 16:38:28,737 DEBUG   SenderThread:12824 [sender.py:send_request():193] send_request: defer
2022-02-15 16:38:28,737 INFO    SenderThread:12824 [sender.py:send_request_defer():304] handle sender defer: 3
2022-02-15 16:38:28,737 INFO    SenderThread:12824 [sender.py:send_request_defer():342] send defer: 4
2022-02-15 16:38:28,737 DEBUG   HandlerThread:12824 [handler.py:handle_request():124] handle_request: defer
2022-02-15 16:38:28,737 INFO    HandlerThread:12824 [handler.py:handle_request_defer():141] handle defer: 4
2022-02-15 16:38:28,738 DEBUG   SenderThread:12824 [sender.py:send_request():193] send_request: defer
2022-02-15 16:38:28,738 INFO    SenderThread:12824 [sender.py:send_request_defer():304] handle sender defer: 4
2022-02-15 16:38:28,834 DEBUG   HandlerThread:12824 [handler.py:handle_request():124] handle_request: poll_exit
2022-02-15 16:38:28,861 INFO    Thread-8  :12824 [dir_watcher.py:_on_file_modified():229] file/dir modified: /Users/jelaleddin/MLPipeline-TelcoCustomerChurn/components/train_model/wandb/run-20220215_163710-3ayoi3vp/files/wandb-summary.json
2022-02-15 16:38:29,313 INFO    SenderThread:12824 [sender.py:send_request_defer():342] send defer: 5
2022-02-15 16:38:29,314 DEBUG   SenderThread:12824 [sender.py:send_request():193] send_request: poll_exit
2022-02-15 16:38:29,314 DEBUG   HandlerThread:12824 [handler.py:handle_request():124] handle_request: defer
2022-02-15 16:38:29,314 INFO    HandlerThread:12824 [handler.py:handle_request_defer():141] handle defer: 5
2022-02-15 16:38:29,314 DEBUG   SenderThread:12824 [sender.py:send_request():193] send_request: defer
2022-02-15 16:38:29,316 INFO    SenderThread:12824 [sender.py:send_request_defer():304] handle sender defer: 5
2022-02-15 16:38:29,316 INFO    SenderThread:12824 [dir_watcher.py:finish():282] shutting down directory watcher
2022-02-15 16:38:29,418 DEBUG   HandlerThread:12824 [handler.py:handle_request():124] handle_request: poll_exit
2022-02-15 16:38:29,863 INFO    SenderThread:12824 [dir_watcher.py:_on_file_modified():229] file/dir modified: /Users/jelaleddin/MLPipeline-TelcoCustomerChurn/components/train_model/wandb/run-20220215_163710-3ayoi3vp/files/config.yaml
2022-02-15 16:38:29,866 INFO    SenderThread:12824 [dir_watcher.py:finish():312] scan: /Users/jelaleddin/MLPipeline-TelcoCustomerChurn/components/train_model/wandb/run-20220215_163710-3ayoi3vp/files
2022-02-15 16:38:29,866 INFO    SenderThread:12824 [dir_watcher.py:finish():318] scan save: /Users/jelaleddin/MLPipeline-TelcoCustomerChurn/components/train_model/wandb/run-20220215_163710-3ayoi3vp/files/requirements.txt requirements.txt
2022-02-15 16:38:29,866 INFO    SenderThread:12824 [dir_watcher.py:finish():318] scan save: /Users/jelaleddin/MLPipeline-TelcoCustomerChurn/components/train_model/wandb/run-20220215_163710-3ayoi3vp/files/output.log output.log
2022-02-15 16:38:29,867 INFO    SenderThread:12824 [dir_watcher.py:finish():318] scan save: /Users/jelaleddin/MLPipeline-TelcoCustomerChurn/components/train_model/wandb/run-20220215_163710-3ayoi3vp/files/config.yaml config.yaml
2022-02-15 16:38:29,875 INFO    SenderThread:12824 [dir_watcher.py:finish():318] scan save: /Users/jelaleddin/MLPipeline-TelcoCustomerChurn/components/train_model/wandb/run-20220215_163710-3ayoi3vp/files/wandb-summary.json wandb-summary.json
2022-02-15 16:38:29,878 INFO    SenderThread:12824 [dir_watcher.py:finish():318] scan save: /Users/jelaleddin/MLPipeline-TelcoCustomerChurn/components/train_model/wandb/run-20220215_163710-3ayoi3vp/files/conda-environment.yaml conda-environment.yaml
2022-02-15 16:38:29,882 INFO    SenderThread:12824 [dir_watcher.py:finish():318] scan save: /Users/jelaleddin/MLPipeline-TelcoCustomerChurn/components/train_model/wandb/run-20220215_163710-3ayoi3vp/files/wandb-metadata.json wandb-metadata.json
2022-02-15 16:38:29,882 INFO    SenderThread:12824 [sender.py:send_request_defer():342] send defer: 6
2022-02-15 16:38:29,882 DEBUG   SenderThread:12824 [sender.py:send_request():193] send_request: poll_exit
2022-02-15 16:38:29,883 DEBUG   HandlerThread:12824 [handler.py:handle_request():124] handle_request: defer
2022-02-15 16:38:29,884 INFO    HandlerThread:12824 [handler.py:handle_request_defer():141] handle defer: 6
2022-02-15 16:38:29,884 DEBUG   SenderThread:12824 [sender.py:send_request():193] send_request: defer
2022-02-15 16:38:29,888 INFO    SenderThread:12824 [sender.py:send_request_defer():304] handle sender defer: 6
2022-02-15 16:38:29,888 INFO    SenderThread:12824 [file_pusher.py:finish():176] shutting down file pusher
2022-02-15 16:38:29,888 INFO    SenderThread:12824 [sender.py:send_request_defer():342] send defer: 7
2022-02-15 16:38:29,888 DEBUG   HandlerThread:12824 [handler.py:handle_request():124] handle_request: defer
2022-02-15 16:38:29,889 INFO    HandlerThread:12824 [handler.py:handle_request_defer():141] handle defer: 7
2022-02-15 16:38:29,890 DEBUG   SenderThread:12824 [sender.py:send_request():193] send_request: defer
2022-02-15 16:38:29,890 INFO    SenderThread:12824 [sender.py:send_request_defer():304] handle sender defer: 7
2022-02-15 16:38:29,996 DEBUG   HandlerThread:12824 [handler.py:handle_request():124] handle_request: poll_exit
2022-02-15 16:38:30,406 ERROR   Thread-11 :12824 [internal_api.py:upload_file():1121] upload_file exception https://storage.googleapis.com/wandb-production.appspot.com/jelal/telco_churn/3ayoi3vp/wandb-metadata.json?Expires=1645011509&GoogleAccessId=wandb-production%40appspot.gserviceaccount.com&Signature=JDJ8i3PtZ55toerU4QzBZEhJwFVqZbEjuzntyLX6fr1eLaxYlunDvQrHXj9s6JlOk3Py25GC6WtbXwhDobwnjZcsuUqYwf5pHWGPV62N3ei8nTnjF7N4A5n2HYhkKgNt%2BSaam%2FEQj2LfNTZ2aewAHWWnj1Ey0WwExYeWHfuAKrnod9UUICd1ppPYXHVAuvsBR4SG7Lq412H20EZ2MACtURtLXf8ihPzZxFwWAlQ%2Bcw1FZUA2oks7s2KcD6x3NOz1nzsuwAlgLnDOaovMTuOGq2Gw6Hlm1DfCL4Q7w0tZeDkFS0T8tXE8QRkahoqIWxmX77bV5a78e84%2BIvsk9y3tQQ%3D%3D ('Connection aborted.', ConnectionResetError(54, 'Connection reset by peer'))
2022-02-15 16:38:30,442 INFO    SenderThread:12824 [sender.py:send_request_defer():342] send defer: 8
2022-02-15 16:38:30,442 DEBUG   SenderThread:12824 [sender.py:send_request():193] send_request: poll_exit
2022-02-15 16:38:30,443 DEBUG   HandlerThread:12824 [handler.py:handle_request():124] handle_request: defer
2022-02-15 16:38:30,443 INFO    HandlerThread:12824 [handler.py:handle_request_defer():141] handle defer: 8
2022-02-15 16:38:30,443 DEBUG   SenderThread:12824 [sender.py:send_request():193] send_request: defer
2022-02-15 16:38:30,443 INFO    SenderThread:12824 [sender.py:send_request_defer():304] handle sender defer: 8
2022-02-15 16:38:30,444 INFO    SenderThread:12824 [sender.py:send_request_defer():342] send defer: 9
2022-02-15 16:38:30,444 DEBUG   SenderThread:12824 [sender.py:send():179] send: final
2022-02-15 16:38:30,444 DEBUG   SenderThread:12824 [sender.py:send():179] send: footer
2022-02-15 16:38:30,444 DEBUG   HandlerThread:12824 [handler.py:handle_request():124] handle_request: defer
2022-02-15 16:38:30,444 INFO    HandlerThread:12824 [handler.py:handle_request_defer():141] handle defer: 9
2022-02-15 16:38:30,445 DEBUG   SenderThread:12824 [sender.py:send_request():193] send_request: defer
2022-02-15 16:38:30,445 INFO    SenderThread:12824 [sender.py:send_request_defer():304] handle sender defer: 9
2022-02-15 16:38:30,450 ERROR   Thread-12 :12824 [internal_api.py:upload_file():1121] upload_file exception https://storage.googleapis.com/wandb-production.appspot.com/jelal/telco_churn/3ayoi3vp/requirements.txt?Expires=1645011510&GoogleAccessId=wandb-production%40appspot.gserviceaccount.com&Signature=d9VnLyp3f3JneqB1XF1nku9unQ33b0RNgfkKDF5105iylXm5z7ELhp0vd0j7zUJNZE9t8XxT34vEoXFZ0tl5PytodIDkJ%2FV84ThAq7cNoWqh0sSxTiLRtcHPGDbWJ1zptMT6%2FMrLrA624Oj1UTRo%2B9HYBOHwYqUtEhoCAOt4E1tLK4MmUxVkPm3g%2BPIZjDvkkWsPbs1tdvDWGYRN%2FPpD36TRSeF6btiKgXUMxZ2R9Xs1LrdnHgKkTgPAhFsAxx3bMw6Fon6AFoKpTQNpwLx1NSm5taW01FFAN04VYg25gWLe1EUdt1J8eT7qRjUwS0%2F3AZpntA4wpbRe92AfcYylzQ%3D%3D ('Connection aborted.', ConnectionResetError(54, 'Connection reset by peer'))
2022-02-15 16:38:30,535 ERROR   Thread-14 :12824 [internal_api.py:upload_file():1121] upload_file exception https://storage.googleapis.com/wandb-production.appspot.com/jelal/telco_churn/3ayoi3vp/config.yaml?Expires=1645011510&GoogleAccessId=wandb-production%40appspot.gserviceaccount.com&Signature=cBj7lSJ5T1K3gHg1lq0D6XJ%2BqByXnqmBlvvZgZkSBXi9%2FV7SfTRlHNm%2B4BPp2UCarT9w255DebNOlgx2rcGcgEQui%2BAGtfnuUV0rwpWn7PgXuh3l%2Fb1jnC4u26W2mR3tGoKwo%2F7sCY7F0V%2BvzeWbscBZuFOulzlSYTLTXGsFWXba1iZrnkduVgh5%2FrQuwWVf12UsELuQ9E4WSqtlDxBW8lqvqbA%2Fu2Og420YddpVWehoMPijAaUuOfcgWIH3PdoGk7vuzD7ZAwLjkQP4AC307dfM9j9qkAfw8ix3zI%2Fs8PreDXppcArkcP1GgyADkLN0FEZy2%2B63VgB%2BnRSzNZt6Lg%3D%3D ('Connection aborted.', ConnectionResetError(54, 'Connection reset by peer'))
2022-02-15 16:38:30,544 ERROR   Thread-16 :12824 [internal_api.py:upload_file():1121] upload_file exception https://storage.googleapis.com/wandb-production.appspot.com/jelal/telco_churn/3ayoi3vp/conda-environment.yaml?Expires=1645011510&GoogleAccessId=wandb-production%40appspot.gserviceaccount.com&Signature=l7AXmLTj1HHiKNXz0BJkoXSkzTCyifqDsDg3OwdSCbTW%2BQ1wFINhIEsK8MCrxZR8CWYVS1WALgHEwA7zBZ0TIa0zKxOHgTN4t02mZvMPMT%2B0Nv91kIEmETnpnArJO01Jc1%2BNEexZJifRID0clGRLwDTDLrekQsyrPm3v1Mp5JyUEoVkvY%2FHpLyb7LIHB0noo4XEh41%2FKGpbgLitr0pY6KN%2BQZHeX4ZH9gx%2FiuiLwu0dUTh6ys5roaMpm1SSZp1KARc5zi3C4CLTDl%2BVXJBDN8BfjMZmy79mwlBdlEexP0LzesKB43IaTKYSxDvkOxCEW9GQOwcRh2rHlMCRcbzLTpQ%3D%3D ('Connection aborted.', ConnectionResetError(54, 'Connection reset by peer'))
2022-02-15 16:38:30,549 ERROR   Thread-13 :12824 [internal_api.py:upload_file():1121] upload_file exception https://storage.googleapis.com/wandb-production.appspot.com/jelal/telco_churn/3ayoi3vp/output.log?Expires=1645011510&GoogleAccessId=wandb-production%40appspot.gserviceaccount.com&Signature=JiidzsggVVfEs25sk0CtLTASELfS1sgUCZfzg%2BgvtG%2FvoL%2BhDVyeU%2BV6TULEXCRpuDbqUPDqzZQpgtbl%2FF3frzvYuViL8qRDFSWkyVTNe4aj%2FGGUcw%2BleREqBv9rc1g10scPO67PQSUADtGmHFdi3UWt9%2FcBDo2KdEYWKoUMZd6KG6upIjmTr7Ja9zeuHxxgMSB%2FAPPNUVhPCEEMAQP9K8Nqv6O6EcaVxuw6i4WDB2eRfa70L9j2XsVctAX3Sw4O8SxnMLlK4fLwmnARLwGsaepBB%2BTLoPiony22mVrtjqs%2BR002qC%2BPK9ha0reHe0ZWceOxa8q8eq5a5pp9ocs5pg%3D%3D ('Connection aborted.', ConnectionResetError(54, 'Connection reset by peer'))
2022-02-15 16:38:30,552 ERROR   Thread-15 :12824 [internal_api.py:upload_file():1121] upload_file exception https://storage.googleapis.com/wandb-production.appspot.com/jelal/telco_churn/3ayoi3vp/wandb-summary.json?Expires=1645011510&GoogleAccessId=wandb-production%40appspot.gserviceaccount.com&Signature=YJlXMK4NGNikfhQ9Iyze1J4jczud7QhLlqV%2FCmsRuB%2BO4oE2OGkoQTfu2rRjmnhsEgBXPs8wdHtOIP7Z%2FvrJM2MmGgNSFnfqyP4M9YHw6Gt%2BEDyviw3L1TEcyqSg9xIWU3XzL%2Be%2Bkv3U6wGeHxfkahn%2FbkJ2wE9GY9CXgRCYdreNmz%2F7YinMAE8EE9xdOEvBst77%2FWleeuZBVSJIvhHWD9q8bMkuJ3syk1YGoLhxbmdLoiAPB4weNIyXXusCiD6tUbzejH0S6iREFWFvcF9TcAj58RTk71gXivIGfOM%2BdXcuJZ80lyT6x3QOha%2B9sIKXV%2FRYjg5JKy84ZxDIQTvlPQ%3D%3D ('Connection aborted.', ConnectionResetError(54, 'Connection reset by peer'))
2022-02-15 16:38:30,552 DEBUG   HandlerThread:12824 [handler.py:handle_request():124] handle_request: poll_exit
2022-02-15 16:38:30,552 DEBUG   SenderThread:12824 [sender.py:send_request():193] send_request: poll_exit
2022-02-15 16:38:30,655 DEBUG   HandlerThread:12824 [handler.py:handle_request():124] handle_request: poll_exit
2022-02-15 16:38:30,659 DEBUG   SenderThread:12824 [sender.py:send_request():193] send_request: poll_exit
2022-02-15 16:38:30,768 DEBUG   HandlerThread:12824 [handler.py:handle_request():124] handle_request: poll_exit
2022-02-15 16:38:30,769 DEBUG   SenderThread:12824 [sender.py:send_request():193] send_request: poll_exit
2022-02-15 16:38:30,876 DEBUG   HandlerThread:12824 [handler.py:handle_request():124] handle_request: poll_exit
2022-02-15 16:38:30,876 DEBUG   SenderThread:12824 [sender.py:send_request():193] send_request: poll_exit
2022-02-15 16:38:30,987 DEBUG   HandlerThread:12824 [handler.py:handle_request():124] handle_request: poll_exit
2022-02-15 16:38:30,988 DEBUG   SenderThread:12824 [sender.py:send_request():193] send_request: poll_exit
2022-02-15 16:38:31,090 DEBUG   HandlerThread:12824 [handler.py:handle_request():124] handle_request: poll_exit
2022-02-15 16:38:31,091 DEBUG   SenderThread:12824 [sender.py:send_request():193] send_request: poll_exit
2022-02-15 16:38:31,201 DEBUG   HandlerThread:12824 [handler.py:handle_request():124] handle_request: poll_exit
2022-02-15 16:38:31,202 DEBUG   SenderThread:12824 [sender.py:send_request():193] send_request: poll_exit
2022-02-15 16:38:31,314 DEBUG   HandlerThread:12824 [handler.py:handle_request():124] handle_request: poll_exit
2022-02-15 16:38:31,314 DEBUG   SenderThread:12824 [sender.py:send_request():193] send_request: poll_exit
2022-02-15 16:38:31,418 DEBUG   HandlerThread:12824 [handler.py:handle_request():124] handle_request: poll_exit
2022-02-15 16:38:31,418 DEBUG   SenderThread:12824 [sender.py:send_request():193] send_request: poll_exit
2022-02-15 16:38:31,529 DEBUG   HandlerThread:12824 [handler.py:handle_request():124] handle_request: poll_exit
2022-02-15 16:38:31,530 DEBUG   SenderThread:12824 [sender.py:send_request():193] send_request: poll_exit
2022-02-15 16:38:31,636 ERROR   Thread-11 :12824 [internal_api.py:upload_file():1121] upload_file exception https://storage.googleapis.com/wandb-production.appspot.com/jelal/telco_churn/3ayoi3vp/wandb-metadata.json?Expires=1645011509&GoogleAccessId=wandb-production%40appspot.gserviceaccount.com&Signature=JDJ8i3PtZ55toerU4QzBZEhJwFVqZbEjuzntyLX6fr1eLaxYlunDvQrHXj9s6JlOk3Py25GC6WtbXwhDobwnjZcsuUqYwf5pHWGPV62N3ei8nTnjF7N4A5n2HYhkKgNt%2BSaam%2FEQj2LfNTZ2aewAHWWnj1Ey0WwExYeWHfuAKrnod9UUICd1ppPYXHVAuvsBR4SG7Lq412H20EZ2MACtURtLXf8ihPzZxFwWAlQ%2Bcw1FZUA2oks7s2KcD6x3NOz1nzsuwAlgLnDOaovMTuOGq2Gw6Hlm1DfCL4Q7w0tZeDkFS0T8tXE8QRkahoqIWxmX77bV5a78e84%2BIvsk9y3tQQ%3D%3D ('Connection aborted.', ConnectionResetError(54, 'Connection reset by peer'))
2022-02-15 16:38:31,639 DEBUG   HandlerThread:12824 [handler.py:handle_request():124] handle_request: poll_exit
2022-02-15 16:38:31,640 DEBUG   SenderThread:12824 [sender.py:send_request():193] send_request: poll_exit
2022-02-15 16:38:31,740 ERROR   Thread-12 :12824 [internal_api.py:upload_file():1121] upload_file exception https://storage.googleapis.com/wandb-production.appspot.com/jelal/telco_churn/3ayoi3vp/requirements.txt?Expires=1645011510&GoogleAccessId=wandb-production%40appspot.gserviceaccount.com&Signature=d9VnLyp3f3JneqB1XF1nku9unQ33b0RNgfkKDF5105iylXm5z7ELhp0vd0j7zUJNZE9t8XxT34vEoXFZ0tl5PytodIDkJ%2FV84ThAq7cNoWqh0sSxTiLRtcHPGDbWJ1zptMT6%2FMrLrA624Oj1UTRo%2B9HYBOHwYqUtEhoCAOt4E1tLK4MmUxVkPm3g%2BPIZjDvkkWsPbs1tdvDWGYRN%2FPpD36TRSeF6btiKgXUMxZ2R9Xs1LrdnHgKkTgPAhFsAxx3bMw6Fon6AFoKpTQNpwLx1NSm5taW01FFAN04VYg25gWLe1EUdt1J8eT7qRjUwS0%2F3AZpntA4wpbRe92AfcYylzQ%3D%3D ('Connection aborted.', ConnectionResetError(54, 'Connection reset by peer'))
2022-02-15 16:38:31,751 DEBUG   HandlerThread:12824 [handler.py:handle_request():124] handle_request: poll_exit
2022-02-15 16:38:31,751 DEBUG   SenderThread:12824 [sender.py:send_request():193] send_request: poll_exit
2022-02-15 16:38:31,755 ERROR   Thread-14 :12824 [internal_api.py:upload_file():1121] upload_file exception https://storage.googleapis.com/wandb-production.appspot.com/jelal/telco_churn/3ayoi3vp/config.yaml?Expires=1645011510&GoogleAccessId=wandb-production%40appspot.gserviceaccount.com&Signature=cBj7lSJ5T1K3gHg1lq0D6XJ%2BqByXnqmBlvvZgZkSBXi9%2FV7SfTRlHNm%2B4BPp2UCarT9w255DebNOlgx2rcGcgEQui%2BAGtfnuUV0rwpWn7PgXuh3l%2Fb1jnC4u26W2mR3tGoKwo%2F7sCY7F0V%2BvzeWbscBZuFOulzlSYTLTXGsFWXba1iZrnkduVgh5%2FrQuwWVf12UsELuQ9E4WSqtlDxBW8lqvqbA%2Fu2Og420YddpVWehoMPijAaUuOfcgWIH3PdoGk7vuzD7ZAwLjkQP4AC307dfM9j9qkAfw8ix3zI%2Fs8PreDXppcArkcP1GgyADkLN0FEZy2%2B63VgB%2BnRSzNZt6Lg%3D%3D ('Connection aborted.', ConnectionResetError(54, 'Connection reset by peer'))
2022-02-15 16:38:31,861 DEBUG   HandlerThread:12824 [handler.py:handle_request():124] handle_request: poll_exit
2022-02-15 16:38:31,861 DEBUG   SenderThread:12824 [sender.py:send_request():193] send_request: poll_exit
2022-02-15 16:38:31,869 ERROR   Thread-13 :12824 [internal_api.py:upload_file():1121] upload_file exception https://storage.googleapis.com/wandb-production.appspot.com/jelal/telco_churn/3ayoi3vp/output.log?Expires=1645011510&GoogleAccessId=wandb-production%40appspot.gserviceaccount.com&Signature=JiidzsggVVfEs25sk0CtLTASELfS1sgUCZfzg%2BgvtG%2FvoL%2BhDVyeU%2BV6TULEXCRpuDbqUPDqzZQpgtbl%2FF3frzvYuViL8qRDFSWkyVTNe4aj%2FGGUcw%2BleREqBv9rc1g10scPO67PQSUADtGmHFdi3UWt9%2FcBDo2KdEYWKoUMZd6KG6upIjmTr7Ja9zeuHxxgMSB%2FAPPNUVhPCEEMAQP9K8Nqv6O6EcaVxuw6i4WDB2eRfa70L9j2XsVctAX3Sw4O8SxnMLlK4fLwmnARLwGsaepBB%2BTLoPiony22mVrtjqs%2BR002qC%2BPK9ha0reHe0ZWceOxa8q8eq5a5pp9ocs5pg%3D%3D ('Connection aborted.', ConnectionResetError(54, 'Connection reset by peer'))
2022-02-15 16:38:31,870 ERROR   Thread-16 :12824 [internal_api.py:upload_file():1121] upload_file exception https://storage.googleapis.com/wandb-production.appspot.com/jelal/telco_churn/3ayoi3vp/conda-environment.yaml?Expires=1645011510&GoogleAccessId=wandb-production%40appspot.gserviceaccount.com&Signature=l7AXmLTj1HHiKNXz0BJkoXSkzTCyifqDsDg3OwdSCbTW%2BQ1wFINhIEsK8MCrxZR8CWYVS1WALgHEwA7zBZ0TIa0zKxOHgTN4t02mZvMPMT%2B0Nv91kIEmETnpnArJO01Jc1%2BNEexZJifRID0clGRLwDTDLrekQsyrPm3v1Mp5JyUEoVkvY%2FHpLyb7LIHB0noo4XEh41%2FKGpbgLitr0pY6KN%2BQZHeX4ZH9gx%2FiuiLwu0dUTh6ys5roaMpm1SSZp1KARc5zi3C4CLTDl%2BVXJBDN8BfjMZmy79mwlBdlEexP0LzesKB43IaTKYSxDvkOxCEW9GQOwcRh2rHlMCRcbzLTpQ%3D%3D ('Connection aborted.', ConnectionResetError(54, 'Connection reset by peer'))
2022-02-15 16:38:31,937 ERROR   Thread-15 :12824 [internal_api.py:upload_file():1121] upload_file exception https://storage.googleapis.com/wandb-production.appspot.com/jelal/telco_churn/3ayoi3vp/wandb-summary.json?Expires=1645011510&GoogleAccessId=wandb-production%40appspot.gserviceaccount.com&Signature=YJlXMK4NGNikfhQ9Iyze1J4jczud7QhLlqV%2FCmsRuB%2BO4oE2OGkoQTfu2rRjmnhsEgBXPs8wdHtOIP7Z%2FvrJM2MmGgNSFnfqyP4M9YHw6Gt%2BEDyviw3L1TEcyqSg9xIWU3XzL%2Be%2Bkv3U6wGeHxfkahn%2FbkJ2wE9GY9CXgRCYdreNmz%2F7YinMAE8EE9xdOEvBst77%2FWleeuZBVSJIvhHWD9q8bMkuJ3syk1YGoLhxbmdLoiAPB4weNIyXXusCiD6tUbzejH0S6iREFWFvcF9TcAj58RTk71gXivIGfOM%2BdXcuJZ80lyT6x3QOha%2B9sIKXV%2FRYjg5JKy84ZxDIQTvlPQ%3D%3D ('Connection aborted.', ConnectionResetError(54, 'Connection reset by peer'))
2022-02-15 16:38:31,969 DEBUG   HandlerThread:12824 [handler.py:handle_request():124] handle_request: poll_exit
2022-02-15 16:38:31,969 DEBUG   SenderThread:12824 [sender.py:send_request():193] send_request: poll_exit
2022-02-15 16:38:32,079 DEBUG   HandlerThread:12824 [handler.py:handle_request():124] handle_request: poll_exit
2022-02-15 16:38:32,079 DEBUG   SenderThread:12824 [sender.py:send_request():193] send_request: poll_exit
2022-02-15 16:38:32,185 DEBUG   HandlerThread:12824 [handler.py:handle_request():124] handle_request: poll_exit
2022-02-15 16:38:32,185 DEBUG   SenderThread:12824 [sender.py:send_request():193] send_request: poll_exit
2022-02-15 16:38:32,293 DEBUG   HandlerThread:12824 [handler.py:handle_request():124] handle_request: poll_exit
2022-02-15 16:38:32,293 DEBUG   SenderThread:12824 [sender.py:send_request():193] send_request: poll_exit
2022-02-15 16:38:32,405 DEBUG   HandlerThread:12824 [handler.py:handle_request():124] handle_request: poll_exit
2022-02-15 16:38:32,406 DEBUG   SenderThread:12824 [sender.py:send_request():193] send_request: poll_exit
2022-02-15 16:38:32,518 DEBUG   HandlerThread:12824 [handler.py:handle_request():124] handle_request: poll_exit
2022-02-15 16:38:32,518 DEBUG   SenderThread:12824 [sender.py:send_request():193] send_request: poll_exit
2022-02-15 16:38:32,626 DEBUG   HandlerThread:12824 [handler.py:handle_request():124] handle_request: poll_exit
2022-02-15 16:38:32,626 DEBUG   SenderThread:12824 [sender.py:send_request():193] send_request: poll_exit
2022-02-15 16:38:32,736 DEBUG   HandlerThread:12824 [handler.py:handle_request():124] handle_request: poll_exit
2022-02-15 16:38:32,737 DEBUG   SenderThread:12824 [sender.py:send_request():193] send_request: poll_exit
2022-02-15 16:38:32,842 DEBUG   HandlerThread:12824 [handler.py:handle_request():124] handle_request: poll_exit
2022-02-15 16:38:32,843 DEBUG   SenderThread:12824 [sender.py:send_request():193] send_request: poll_exit
2022-02-15 16:38:32,951 DEBUG   HandlerThread:12824 [handler.py:handle_request():124] handle_request: poll_exit
2022-02-15 16:38:32,951 DEBUG   SenderThread:12824 [sender.py:send_request():193] send_request: poll_exit
2022-02-15 16:38:33,054 DEBUG   HandlerThread:12824 [handler.py:handle_request():124] handle_request: poll_exit
2022-02-15 16:38:33,054 DEBUG   SenderThread:12824 [sender.py:send_request():193] send_request: poll_exit
2022-02-15 16:38:33,160 DEBUG   HandlerThread:12824 [handler.py:handle_request():124] handle_request: poll_exit
2022-02-15 16:38:33,160 DEBUG   SenderThread:12824 [sender.py:send_request():193] send_request: poll_exit
2022-02-15 16:38:33,268 DEBUG   HandlerThread:12824 [handler.py:handle_request():124] handle_request: poll_exit
2022-02-15 16:38:33,268 DEBUG   SenderThread:12824 [sender.py:send_request():193] send_request: poll_exit
2022-02-15 16:38:33,376 DEBUG   HandlerThread:12824 [handler.py:handle_request():124] handle_request: poll_exit
2022-02-15 16:38:33,376 DEBUG   SenderThread:12824 [sender.py:send_request():193] send_request: poll_exit
2022-02-15 16:38:33,485 DEBUG   HandlerThread:12824 [handler.py:handle_request():124] handle_request: poll_exit
2022-02-15 16:38:33,485 DEBUG   SenderThread:12824 [sender.py:send_request():193] send_request: poll_exit
2022-02-15 16:38:33,596 DEBUG   HandlerThread:12824 [handler.py:handle_request():124] handle_request: poll_exit
2022-02-15 16:38:33,596 DEBUG   SenderThread:12824 [sender.py:send_request():193] send_request: poll_exit
2022-02-15 16:38:33,698 DEBUG   HandlerThread:12824 [handler.py:handle_request():124] handle_request: poll_exit
2022-02-15 16:38:33,699 DEBUG   SenderThread:12824 [sender.py:send_request():193] send_request: poll_exit
2022-02-15 16:38:33,804 DEBUG   HandlerThread:12824 [handler.py:handle_request():124] handle_request: poll_exit
2022-02-15 16:38:33,804 DEBUG   SenderThread:12824 [sender.py:send_request():193] send_request: poll_exit
2022-02-15 16:38:33,912 DEBUG   HandlerThread:12824 [handler.py:handle_request():124] handle_request: poll_exit
2022-02-15 16:38:33,913 DEBUG   SenderThread:12824 [sender.py:send_request():193] send_request: poll_exit
2022-02-15 16:38:34,007 ERROR   Thread-13 :12824 [internal_api.py:upload_file():1121] upload_file exception https://storage.googleapis.com/wandb-production.appspot.com/jelal/telco_churn/3ayoi3vp/output.log?Expires=1645011510&GoogleAccessId=wandb-production%40appspot.gserviceaccount.com&Signature=JiidzsggVVfEs25sk0CtLTASELfS1sgUCZfzg%2BgvtG%2FvoL%2BhDVyeU%2BV6TULEXCRpuDbqUPDqzZQpgtbl%2FF3frzvYuViL8qRDFSWkyVTNe4aj%2FGGUcw%2BleREqBv9rc1g10scPO67PQSUADtGmHFdi3UWt9%2FcBDo2KdEYWKoUMZd6KG6upIjmTr7Ja9zeuHxxgMSB%2FAPPNUVhPCEEMAQP9K8Nqv6O6EcaVxuw6i4WDB2eRfa70L9j2XsVctAX3Sw4O8SxnMLlK4fLwmnARLwGsaepBB%2BTLoPiony22mVrtjqs%2BR002qC%2BPK9ha0reHe0ZWceOxa8q8eq5a5pp9ocs5pg%3D%3D ('Connection aborted.', ConnectionResetError(54, 'Connection reset by peer'))
2022-02-15 16:38:34,018 DEBUG   HandlerThread:12824 [handler.py:handle_request():124] handle_request: poll_exit
2022-02-15 16:38:34,019 DEBUG   SenderThread:12824 [sender.py:send_request():193] send_request: poll_exit
2022-02-15 16:38:34,040 ERROR   Thread-11 :12824 [internal_api.py:upload_file():1121] upload_file exception https://storage.googleapis.com/wandb-production.appspot.com/jelal/telco_churn/3ayoi3vp/wandb-metadata.json?Expires=1645011509&GoogleAccessId=wandb-production%40appspot.gserviceaccount.com&Signature=JDJ8i3PtZ55toerU4QzBZEhJwFVqZbEjuzntyLX6fr1eLaxYlunDvQrHXj9s6JlOk3Py25GC6WtbXwhDobwnjZcsuUqYwf5pHWGPV62N3ei8nTnjF7N4A5n2HYhkKgNt%2BSaam%2FEQj2LfNTZ2aewAHWWnj1Ey0WwExYeWHfuAKrnod9UUICd1ppPYXHVAuvsBR4SG7Lq412H20EZ2MACtURtLXf8ihPzZxFwWAlQ%2Bcw1FZUA2oks7s2KcD6x3NOz1nzsuwAlgLnDOaovMTuOGq2Gw6Hlm1DfCL4Q7w0tZeDkFS0T8tXE8QRkahoqIWxmX77bV5a78e84%2BIvsk9y3tQQ%3D%3D ('Connection aborted.', ConnectionResetError(54, 'Connection reset by peer'))
2022-02-15 16:38:34,126 DEBUG   HandlerThread:12824 [handler.py:handle_request():124] handle_request: poll_exit
2022-02-15 16:38:34,126 DEBUG   SenderThread:12824 [sender.py:send_request():193] send_request: poll_exit
2022-02-15 16:38:34,189 ERROR   Thread-12 :12824 [internal_api.py:upload_file():1121] upload_file exception https://storage.googleapis.com/wandb-production.appspot.com/jelal/telco_churn/3ayoi3vp/requirements.txt?Expires=1645011510&GoogleAccessId=wandb-production%40appspot.gserviceaccount.com&Signature=d9VnLyp3f3JneqB1XF1nku9unQ33b0RNgfkKDF5105iylXm5z7ELhp0vd0j7zUJNZE9t8XxT34vEoXFZ0tl5PytodIDkJ%2FV84ThAq7cNoWqh0sSxTiLRtcHPGDbWJ1zptMT6%2FMrLrA624Oj1UTRo%2B9HYBOHwYqUtEhoCAOt4E1tLK4MmUxVkPm3g%2BPIZjDvkkWsPbs1tdvDWGYRN%2FPpD36TRSeF6btiKgXUMxZ2R9Xs1LrdnHgKkTgPAhFsAxx3bMw6Fon6AFoKpTQNpwLx1NSm5taW01FFAN04VYg25gWLe1EUdt1J8eT7qRjUwS0%2F3AZpntA4wpbRe92AfcYylzQ%3D%3D ('Connection aborted.', ConnectionResetError(54, 'Connection reset by peer'))
2022-02-15 16:38:34,229 DEBUG   HandlerThread:12824 [handler.py:handle_request():124] handle_request: poll_exit
2022-02-15 16:38:34,229 DEBUG   SenderThread:12824 [sender.py:send_request():193] send_request: poll_exit
2022-02-15 16:38:34,256 ERROR   Thread-14 :12824 [internal_api.py:upload_file():1121] upload_file exception https://storage.googleapis.com/wandb-production.appspot.com/jelal/telco_churn/3ayoi3vp/config.yaml?Expires=1645011510&GoogleAccessId=wandb-production%40appspot.gserviceaccount.com&Signature=cBj7lSJ5T1K3gHg1lq0D6XJ%2BqByXnqmBlvvZgZkSBXi9%2FV7SfTRlHNm%2B4BPp2UCarT9w255DebNOlgx2rcGcgEQui%2BAGtfnuUV0rwpWn7PgXuh3l%2Fb1jnC4u26W2mR3tGoKwo%2F7sCY7F0V%2BvzeWbscBZuFOulzlSYTLTXGsFWXba1iZrnkduVgh5%2FrQuwWVf12UsELuQ9E4WSqtlDxBW8lqvqbA%2Fu2Og420YddpVWehoMPijAaUuOfcgWIH3PdoGk7vuzD7ZAwLjkQP4AC307dfM9j9qkAfw8ix3zI%2Fs8PreDXppcArkcP1GgyADkLN0FEZy2%2B63VgB%2BnRSzNZt6Lg%3D%3D ('Connection aborted.', ConnectionResetError(54, 'Connection reset by peer'))
2022-02-15 16:38:34,269 ERROR   Thread-16 :12824 [internal_api.py:upload_file():1121] upload_file exception https://storage.googleapis.com/wandb-production.appspot.com/jelal/telco_churn/3ayoi3vp/conda-environment.yaml?Expires=1645011510&GoogleAccessId=wandb-production%40appspot.gserviceaccount.com&Signature=l7AXmLTj1HHiKNXz0BJkoXSkzTCyifqDsDg3OwdSCbTW%2BQ1wFINhIEsK8MCrxZR8CWYVS1WALgHEwA7zBZ0TIa0zKxOHgTN4t02mZvMPMT%2B0Nv91kIEmETnpnArJO01Jc1%2BNEexZJifRID0clGRLwDTDLrekQsyrPm3v1Mp5JyUEoVkvY%2FHpLyb7LIHB0noo4XEh41%2FKGpbgLitr0pY6KN%2BQZHeX4ZH9gx%2FiuiLwu0dUTh6ys5roaMpm1SSZp1KARc5zi3C4CLTDl%2BVXJBDN8BfjMZmy79mwlBdlEexP0LzesKB43IaTKYSxDvkOxCEW9GQOwcRh2rHlMCRcbzLTpQ%3D%3D ('Connection aborted.', ConnectionResetError(54, 'Connection reset by peer'))
2022-02-15 16:38:34,339 DEBUG   HandlerThread:12824 [handler.py:handle_request():124] handle_request: poll_exit
2022-02-15 16:38:34,340 DEBUG   SenderThread:12824 [sender.py:send_request():193] send_request: poll_exit
2022-02-15 16:38:34,355 ERROR   Thread-15 :12824 [internal_api.py:upload_file():1121] upload_file exception https://storage.googleapis.com/wandb-production.appspot.com/jelal/telco_churn/3ayoi3vp/wandb-summary.json?Expires=1645011510&GoogleAccessId=wandb-production%40appspot.gserviceaccount.com&Signature=YJlXMK4NGNikfhQ9Iyze1J4jczud7QhLlqV%2FCmsRuB%2BO4oE2OGkoQTfu2rRjmnhsEgBXPs8wdHtOIP7Z%2FvrJM2MmGgNSFnfqyP4M9YHw6Gt%2BEDyviw3L1TEcyqSg9xIWU3XzL%2Be%2Bkv3U6wGeHxfkahn%2FbkJ2wE9GY9CXgRCYdreNmz%2F7YinMAE8EE9xdOEvBst77%2FWleeuZBVSJIvhHWD9q8bMkuJ3syk1YGoLhxbmdLoiAPB4weNIyXXusCiD6tUbzejH0S6iREFWFvcF9TcAj58RTk71gXivIGfOM%2BdXcuJZ80lyT6x3QOha%2B9sIKXV%2FRYjg5JKy84ZxDIQTvlPQ%3D%3D ('Connection aborted.', ConnectionResetError(54, 'Connection reset by peer'))
2022-02-15 16:38:34,448 DEBUG   HandlerThread:12824 [handler.py:handle_request():124] handle_request: poll_exit
2022-02-15 16:38:34,448 DEBUG   SenderThread:12824 [sender.py:send_request():193] send_request: poll_exit
2022-02-15 16:38:34,551 DEBUG   HandlerThread:12824 [handler.py:handle_request():124] handle_request: poll_exit
2022-02-15 16:38:34,551 DEBUG   SenderThread:12824 [sender.py:send_request():193] send_request: poll_exit
2022-02-15 16:38:34,655 DEBUG   HandlerThread:12824 [handler.py:handle_request():124] handle_request: poll_exit
2022-02-15 16:38:34,655 DEBUG   SenderThread:12824 [sender.py:send_request():193] send_request: poll_exit
2022-02-15 16:38:34,758 DEBUG   HandlerThread:12824 [handler.py:handle_request():124] handle_request: poll_exit
2022-02-15 16:38:34,758 DEBUG   SenderThread:12824 [sender.py:send_request():193] send_request: poll_exit
2022-02-15 16:38:34,864 DEBUG   HandlerThread:12824 [handler.py:handle_request():124] handle_request: poll_exit
2022-02-15 16:38:34,865 DEBUG   SenderThread:12824 [sender.py:send_request():193] send_request: poll_exit
2022-02-15 16:38:34,977 DEBUG   HandlerThread:12824 [handler.py:handle_request():124] handle_request: poll_exit
2022-02-15 16:38:34,977 DEBUG   SenderThread:12824 [sender.py:send_request():193] send_request: poll_exit
2022-02-15 16:38:35,085 DEBUG   HandlerThread:12824 [handler.py:handle_request():124] handle_request: poll_exit
2022-02-15 16:38:35,085 DEBUG   SenderThread:12824 [sender.py:send_request():193] send_request: poll_exit
2022-02-15 16:38:35,190 DEBUG   HandlerThread:12824 [handler.py:handle_request():124] handle_request: poll_exit
2022-02-15 16:38:35,190 DEBUG   SenderThread:12824 [sender.py:send_request():193] send_request: poll_exit
2022-02-15 16:38:35,297 DEBUG   HandlerThread:12824 [handler.py:handle_request():124] handle_request: poll_exit
2022-02-15 16:38:35,297 DEBUG   SenderThread:12824 [sender.py:send_request():193] send_request: poll_exit
2022-02-15 16:38:35,402 DEBUG   HandlerThread:12824 [handler.py:handle_request():124] handle_request: poll_exit
2022-02-15 16:38:35,402 DEBUG   SenderThread:12824 [sender.py:send_request():193] send_request: poll_exit
2022-02-15 16:38:35,505 DEBUG   HandlerThread:12824 [handler.py:handle_request():124] handle_request: poll_exit
2022-02-15 16:38:35,505 DEBUG   SenderThread:12824 [sender.py:send_request():193] send_request: poll_exit
2022-02-15 16:38:35,610 DEBUG   HandlerThread:12824 [handler.py:handle_request():124] handle_request: poll_exit
2022-02-15 16:38:35,610 DEBUG   SenderThread:12824 [sender.py:send_request():193] send_request: poll_exit
2022-02-15 16:38:35,711 DEBUG   HandlerThread:12824 [handler.py:handle_request():124] handle_request: poll_exit
2022-02-15 16:38:35,712 DEBUG   SenderThread:12824 [sender.py:send_request():193] send_request: poll_exit
2022-02-15 16:38:35,823 DEBUG   HandlerThread:12824 [handler.py:handle_request():124] handle_request: poll_exit
2022-02-15 16:38:35,824 DEBUG   SenderThread:12824 [sender.py:send_request():193] send_request: poll_exit
2022-02-15 16:38:35,936 DEBUG   HandlerThread:12824 [handler.py:handle_request():124] handle_request: poll_exit
2022-02-15 16:38:35,936 DEBUG   SenderThread:12824 [sender.py:send_request():193] send_request: poll_exit
2022-02-15 16:38:36,048 DEBUG   HandlerThread:12824 [handler.py:handle_request():124] handle_request: poll_exit
2022-02-15 16:38:36,048 DEBUG   SenderThread:12824 [sender.py:send_request():193] send_request: poll_exit
2022-02-15 16:38:36,160 DEBUG   HandlerThread:12824 [handler.py:handle_request():124] handle_request: poll_exit
2022-02-15 16:38:36,160 DEBUG   SenderThread:12824 [sender.py:send_request():193] send_request: poll_exit
2022-02-15 16:38:36,265 DEBUG   HandlerThread:12824 [handler.py:handle_request():124] handle_request: poll_exit
2022-02-15 16:38:36,265 DEBUG   SenderThread:12824 [sender.py:send_request():193] send_request: poll_exit
2022-02-15 16:38:36,367 DEBUG   HandlerThread:12824 [handler.py:handle_request():124] handle_request: poll_exit
2022-02-15 16:38:36,368 DEBUG   SenderThread:12824 [sender.py:send_request():193] send_request: poll_exit
2022-02-15 16:38:36,476 DEBUG   HandlerThread:12824 [handler.py:handle_request():124] handle_request: poll_exit
2022-02-15 16:38:36,477 DEBUG   SenderThread:12824 [sender.py:send_request():193] send_request: poll_exit
2022-02-15 16:38:36,585 DEBUG   HandlerThread:12824 [handler.py:handle_request():124] handle_request: poll_exit
2022-02-15 16:38:36,585 DEBUG   SenderThread:12824 [sender.py:send_request():193] send_request: poll_exit
2022-02-15 16:38:36,692 DEBUG   HandlerThread:12824 [handler.py:handle_request():124] handle_request: poll_exit
2022-02-15 16:38:36,692 DEBUG   SenderThread:12824 [sender.py:send_request():193] send_request: poll_exit
2022-02-15 16:38:36,795 DEBUG   HandlerThread:12824 [handler.py:handle_request():124] handle_request: poll_exit
2022-02-15 16:38:36,795 DEBUG   SenderThread:12824 [sender.py:send_request():193] send_request: poll_exit
2022-02-15 16:38:36,903 DEBUG   HandlerThread:12824 [handler.py:handle_request():124] handle_request: poll_exit
2022-02-15 16:38:36,906 DEBUG   SenderThread:12824 [sender.py:send_request():193] send_request: poll_exit
2022-02-15 16:38:37,015 DEBUG   HandlerThread:12824 [handler.py:handle_request():124] handle_request: poll_exit
2022-02-15 16:38:37,015 DEBUG   SenderThread:12824 [sender.py:send_request():193] send_request: poll_exit
2022-02-15 16:38:37,124 DEBUG   HandlerThread:12824 [handler.py:handle_request():124] handle_request: poll_exit
2022-02-15 16:38:37,125 DEBUG   SenderThread:12824 [sender.py:send_request():193] send_request: poll_exit
2022-02-15 16:38:37,234 DEBUG   HandlerThread:12824 [handler.py:handle_request():124] handle_request: poll_exit
2022-02-15 16:38:37,235 DEBUG   SenderThread:12824 [sender.py:send_request():193] send_request: poll_exit
2022-02-15 16:38:37,344 DEBUG   HandlerThread:12824 [handler.py:handle_request():124] handle_request: poll_exit
2022-02-15 16:38:37,344 DEBUG   SenderThread:12824 [sender.py:send_request():193] send_request: poll_exit
2022-02-15 16:38:37,450 DEBUG   HandlerThread:12824 [handler.py:handle_request():124] handle_request: poll_exit
2022-02-15 16:38:37,450 DEBUG   SenderThread:12824 [sender.py:send_request():193] send_request: poll_exit
2022-02-15 16:38:37,552 DEBUG   HandlerThread:12824 [handler.py:handle_request():124] handle_request: poll_exit
2022-02-15 16:38:37,553 DEBUG   SenderThread:12824 [sender.py:send_request():193] send_request: poll_exit
2022-02-15 16:38:37,657 DEBUG   HandlerThread:12824 [handler.py:handle_request():124] handle_request: poll_exit
2022-02-15 16:38:37,657 DEBUG   SenderThread:12824 [sender.py:send_request():193] send_request: poll_exit
2022-02-15 16:38:37,761 DEBUG   HandlerThread:12824 [handler.py:handle_request():124] handle_request: poll_exit
2022-02-15 16:38:37,761 DEBUG   SenderThread:12824 [sender.py:send_request():193] send_request: poll_exit
2022-02-15 16:38:37,863 DEBUG   HandlerThread:12824 [handler.py:handle_request():124] handle_request: poll_exit
2022-02-15 16:38:37,863 DEBUG   SenderThread:12824 [sender.py:send_request():193] send_request: poll_exit
2022-02-15 16:38:37,970 DEBUG   HandlerThread:12824 [handler.py:handle_request():124] handle_request: poll_exit
2022-02-15 16:38:37,970 DEBUG   SenderThread:12824 [sender.py:send_request():193] send_request: poll_exit
2022-02-15 16:38:38,073 DEBUG   HandlerThread:12824 [handler.py:handle_request():124] handle_request: poll_exit
2022-02-15 16:38:38,074 DEBUG   SenderThread:12824 [sender.py:send_request():193] send_request: poll_exit
2022-02-15 16:38:38,176 DEBUG   HandlerThread:12824 [handler.py:handle_request():124] handle_request: poll_exit
2022-02-15 16:38:38,176 DEBUG   SenderThread:12824 [sender.py:send_request():193] send_request: poll_exit
2022-02-15 16:38:38,285 DEBUG   HandlerThread:12824 [handler.py:handle_request():124] handle_request: poll_exit
2022-02-15 16:38:38,285 DEBUG   SenderThread:12824 [sender.py:send_request():193] send_request: poll_exit
2022-02-15 16:38:38,396 DEBUG   HandlerThread:12824 [handler.py:handle_request():124] handle_request: poll_exit
2022-02-15 16:38:38,396 DEBUG   SenderThread:12824 [sender.py:send_request():193] send_request: poll_exit
2022-02-15 16:38:38,502 DEBUG   HandlerThread:12824 [handler.py:handle_request():124] handle_request: poll_exit
2022-02-15 16:38:38,503 DEBUG   SenderThread:12824 [sender.py:send_request():193] send_request: poll_exit
2022-02-15 16:38:38,608 DEBUG   HandlerThread:12824 [handler.py:handle_request():124] handle_request: poll_exit
2022-02-15 16:38:38,609 DEBUG   SenderThread:12824 [sender.py:send_request():193] send_request: poll_exit
2022-02-15 16:38:38,616 ERROR   Thread-15 :12824 [internal_api.py:upload_file():1121] upload_file exception https://storage.googleapis.com/wandb-production.appspot.com/jelal/telco_churn/3ayoi3vp/wandb-summary.json?Expires=1645011510&GoogleAccessId=wandb-production%40appspot.gserviceaccount.com&Signature=YJlXMK4NGNikfhQ9Iyze1J4jczud7QhLlqV%2FCmsRuB%2BO4oE2OGkoQTfu2rRjmnhsEgBXPs8wdHtOIP7Z%2FvrJM2MmGgNSFnfqyP4M9YHw6Gt%2BEDyviw3L1TEcyqSg9xIWU3XzL%2Be%2Bkv3U6wGeHxfkahn%2FbkJ2wE9GY9CXgRCYdreNmz%2F7YinMAE8EE9xdOEvBst77%2FWleeuZBVSJIvhHWD9q8bMkuJ3syk1YGoLhxbmdLoiAPB4weNIyXXusCiD6tUbzejH0S6iREFWFvcF9TcAj58RTk71gXivIGfOM%2BdXcuJZ80lyT6x3QOha%2B9sIKXV%2FRYjg5JKy84ZxDIQTvlPQ%3D%3D ('Connection aborted.', ConnectionResetError(54, 'Connection reset by peer'))
2022-02-15 16:38:38,633 ERROR   Thread-11 :12824 [internal_api.py:upload_file():1121] upload_file exception https://storage.googleapis.com/wandb-production.appspot.com/jelal/telco_churn/3ayoi3vp/wandb-metadata.json?Expires=1645011509&GoogleAccessId=wandb-production%40appspot.gserviceaccount.com&Signature=JDJ8i3PtZ55toerU4QzBZEhJwFVqZbEjuzntyLX6fr1eLaxYlunDvQrHXj9s6JlOk3Py25GC6WtbXwhDobwnjZcsuUqYwf5pHWGPV62N3ei8nTnjF7N4A5n2HYhkKgNt%2BSaam%2FEQj2LfNTZ2aewAHWWnj1Ey0WwExYeWHfuAKrnod9UUICd1ppPYXHVAuvsBR4SG7Lq412H20EZ2MACtURtLXf8ihPzZxFwWAlQ%2Bcw1FZUA2oks7s2KcD6x3NOz1nzsuwAlgLnDOaovMTuOGq2Gw6Hlm1DfCL4Q7w0tZeDkFS0T8tXE8QRkahoqIWxmX77bV5a78e84%2BIvsk9y3tQQ%3D%3D ('Connection aborted.', ConnectionResetError(54, 'Connection reset by peer'))
2022-02-15 16:38:38,672 ERROR   Thread-14 :12824 [internal_api.py:upload_file():1121] upload_file exception https://storage.googleapis.com/wandb-production.appspot.com/jelal/telco_churn/3ayoi3vp/config.yaml?Expires=1645011510&GoogleAccessId=wandb-production%40appspot.gserviceaccount.com&Signature=cBj7lSJ5T1K3gHg1lq0D6XJ%2BqByXnqmBlvvZgZkSBXi9%2FV7SfTRlHNm%2B4BPp2UCarT9w255DebNOlgx2rcGcgEQui%2BAGtfnuUV0rwpWn7PgXuh3l%2Fb1jnC4u26W2mR3tGoKwo%2F7sCY7F0V%2BvzeWbscBZuFOulzlSYTLTXGsFWXba1iZrnkduVgh5%2FrQuwWVf12UsELuQ9E4WSqtlDxBW8lqvqbA%2Fu2Og420YddpVWehoMPijAaUuOfcgWIH3PdoGk7vuzD7ZAwLjkQP4AC307dfM9j9qkAfw8ix3zI%2Fs8PreDXppcArkcP1GgyADkLN0FEZy2%2B63VgB%2BnRSzNZt6Lg%3D%3D ('Connection aborted.', ConnectionResetError(54, 'Connection reset by peer'))
2022-02-15 16:38:38,719 DEBUG   HandlerThread:12824 [handler.py:handle_request():124] handle_request: poll_exit
2022-02-15 16:38:38,719 DEBUG   SenderThread:12824 [sender.py:send_request():193] send_request: poll_exit
2022-02-15 16:38:38,791 ERROR   Thread-12 :12824 [internal_api.py:upload_file():1121] upload_file exception https://storage.googleapis.com/wandb-production.appspot.com/jelal/telco_churn/3ayoi3vp/requirements.txt?Expires=1645011510&GoogleAccessId=wandb-production%40appspot.gserviceaccount.com&Signature=d9VnLyp3f3JneqB1XF1nku9unQ33b0RNgfkKDF5105iylXm5z7ELhp0vd0j7zUJNZE9t8XxT34vEoXFZ0tl5PytodIDkJ%2FV84ThAq7cNoWqh0sSxTiLRtcHPGDbWJ1zptMT6%2FMrLrA624Oj1UTRo%2B9HYBOHwYqUtEhoCAOt4E1tLK4MmUxVkPm3g%2BPIZjDvkkWsPbs1tdvDWGYRN%2FPpD36TRSeF6btiKgXUMxZ2R9Xs1LrdnHgKkTgPAhFsAxx3bMw6Fon6AFoKpTQNpwLx1NSm5taW01FFAN04VYg25gWLe1EUdt1J8eT7qRjUwS0%2F3AZpntA4wpbRe92AfcYylzQ%3D%3D ('Connection aborted.', ConnectionResetError(54, 'Connection reset by peer'))
2022-02-15 16:38:38,822 DEBUG   HandlerThread:12824 [handler.py:handle_request():124] handle_request: poll_exit
2022-02-15 16:38:38,822 DEBUG   SenderThread:12824 [sender.py:send_request():193] send_request: poll_exit
2022-02-15 16:38:38,912 ERROR   Thread-16 :12824 [internal_api.py:upload_file():1121] upload_file exception https://storage.googleapis.com/wandb-production.appspot.com/jelal/telco_churn/3ayoi3vp/conda-environment.yaml?Expires=1645011510&GoogleAccessId=wandb-production%40appspot.gserviceaccount.com&Signature=l7AXmLTj1HHiKNXz0BJkoXSkzTCyifqDsDg3OwdSCbTW%2BQ1wFINhIEsK8MCrxZR8CWYVS1WALgHEwA7zBZ0TIa0zKxOHgTN4t02mZvMPMT%2B0Nv91kIEmETnpnArJO01Jc1%2BNEexZJifRID0clGRLwDTDLrekQsyrPm3v1Mp5JyUEoVkvY%2FHpLyb7LIHB0noo4XEh41%2FKGpbgLitr0pY6KN%2BQZHeX4ZH9gx%2FiuiLwu0dUTh6ys5roaMpm1SSZp1KARc5zi3C4CLTDl%2BVXJBDN8BfjMZmy79mwlBdlEexP0LzesKB43IaTKYSxDvkOxCEW9GQOwcRh2rHlMCRcbzLTpQ%3D%3D ('Connection aborted.', ConnectionResetError(54, 'Connection reset by peer'))
2022-02-15 16:38:38,925 DEBUG   HandlerThread:12824 [handler.py:handle_request():124] handle_request: poll_exit
2022-02-15 16:38:38,925 DEBUG   SenderThread:12824 [sender.py:send_request():193] send_request: poll_exit
2022-02-15 16:38:39,029 DEBUG   HandlerThread:12824 [handler.py:handle_request():124] handle_request: poll_exit
2022-02-15 16:38:39,030 DEBUG   SenderThread:12824 [sender.py:send_request():193] send_request: poll_exit
2022-02-15 16:38:39,133 DEBUG   HandlerThread:12824 [handler.py:handle_request():124] handle_request: poll_exit
2022-02-15 16:38:39,133 DEBUG   SenderThread:12824 [sender.py:send_request():193] send_request: poll_exit
2022-02-15 16:38:39,156 ERROR   Thread-13 :12824 [internal_api.py:upload_file():1121] upload_file exception https://storage.googleapis.com/wandb-production.appspot.com/jelal/telco_churn/3ayoi3vp/output.log?Expires=1645011510&GoogleAccessId=wandb-production%40appspot.gserviceaccount.com&Signature=JiidzsggVVfEs25sk0CtLTASELfS1sgUCZfzg%2BgvtG%2FvoL%2BhDVyeU%2BV6TULEXCRpuDbqUPDqzZQpgtbl%2FF3frzvYuViL8qRDFSWkyVTNe4aj%2FGGUcw%2BleREqBv9rc1g10scPO67PQSUADtGmHFdi3UWt9%2FcBDo2KdEYWKoUMZd6KG6upIjmTr7Ja9zeuHxxgMSB%2FAPPNUVhPCEEMAQP9K8Nqv6O6EcaVxuw6i4WDB2eRfa70L9j2XsVctAX3Sw4O8SxnMLlK4fLwmnARLwGsaepBB%2BTLoPiony22mVrtjqs%2BR002qC%2BPK9ha0reHe0ZWceOxa8q8eq5a5pp9ocs5pg%3D%3D ('Connection aborted.', ConnectionResetError(54, 'Connection reset by peer'))
2022-02-15 16:38:39,241 DEBUG   HandlerThread:12824 [handler.py:handle_request():124] handle_request: poll_exit
2022-02-15 16:38:39,242 DEBUG   SenderThread:12824 [sender.py:send_request():193] send_request: poll_exit
2022-02-15 16:38:39,350 DEBUG   HandlerThread:12824 [handler.py:handle_request():124] handle_request: poll_exit
2022-02-15 16:38:39,351 DEBUG   SenderThread:12824 [sender.py:send_request():193] send_request: poll_exit
2022-02-15 16:38:39,459 DEBUG   HandlerThread:12824 [handler.py:handle_request():124] handle_request: poll_exit
2022-02-15 16:38:39,459 DEBUG   SenderThread:12824 [sender.py:send_request():193] send_request: poll_exit
2022-02-15 16:38:39,568 DEBUG   HandlerThread:12824 [handler.py:handle_request():124] handle_request: poll_exit
2022-02-15 16:38:39,569 DEBUG   SenderThread:12824 [sender.py:send_request():193] send_request: poll_exit
2022-02-15 16:38:39,672 DEBUG   HandlerThread:12824 [handler.py:handle_request():124] handle_request: poll_exit
2022-02-15 16:38:39,672 DEBUG   SenderThread:12824 [sender.py:send_request():193] send_request: poll_exit
2022-02-15 16:38:39,775 DEBUG   HandlerThread:12824 [handler.py:handle_request():124] handle_request: poll_exit
2022-02-15 16:38:39,775 DEBUG   SenderThread:12824 [sender.py:send_request():193] send_request: poll_exit
2022-02-15 16:38:39,888 DEBUG   HandlerThread:12824 [handler.py:handle_request():124] handle_request: poll_exit
2022-02-15 16:38:39,892 DEBUG   SenderThread:12824 [sender.py:send_request():193] send_request: poll_exit
2022-02-15 16:38:39,998 DEBUG   HandlerThread:12824 [handler.py:handle_request():124] handle_request: poll_exit
2022-02-15 16:38:39,999 DEBUG   SenderThread:12824 [sender.py:send_request():193] send_request: poll_exit
2022-02-15 16:38:40,103 DEBUG   HandlerThread:12824 [handler.py:handle_request():124] handle_request: poll_exit
2022-02-15 16:38:40,103 DEBUG   SenderThread:12824 [sender.py:send_request():193] send_request: poll_exit
2022-02-15 16:38:40,208 DEBUG   HandlerThread:12824 [handler.py:handle_request():124] handle_request: poll_exit
2022-02-15 16:38:40,112 DEBUG   SenderThread:12824 [sender.py:send_request():193] send_request: poll_exit
2022-02-15 16:38:40,230 DEBUG   HandlerThread:12824 [handler.py:handle_request():124] handle_request: poll_exit
2022-02-15 16:38:40,230 DEBUG   SenderThread:12824 [sender.py:send_request():193] send_request: poll_exit
2022-02-15 16:38:40,335 DEBUG   HandlerThread:12824 [handler.py:handle_request():124] handle_request: poll_exit
2022-02-15 16:38:40,336 DEBUG   SenderThread:12824 [sender.py:send_request():193] send_request: poll_exit
2022-02-15 16:38:40,443 DEBUG   HandlerThread:12824 [handler.py:handle_request():124] handle_request: poll_exit
2022-02-15 16:38:40,443 DEBUG   SenderThread:12824 [sender.py:send_request():193] send_request: poll_exit
2022-02-15 16:38:40,546 DEBUG   HandlerThread:12824 [handler.py:handle_request():124] handle_request: poll_exit
2022-02-15 16:38:40,546 DEBUG   SenderThread:12824 [sender.py:send_request():193] send_request: poll_exit
2022-02-15 16:38:40,679 DEBUG   HandlerThread:12824 [handler.py:handle_request():124] handle_request: poll_exit
2022-02-15 16:38:40,690 DEBUG   SenderThread:12824 [sender.py:send_request():193] send_request: poll_exit
2022-02-15 16:38:40,812 DEBUG   HandlerThread:12824 [handler.py:handle_request():124] handle_request: poll_exit
2022-02-15 16:38:40,812 DEBUG   SenderThread:12824 [sender.py:send_request():193] send_request: poll_exit
2022-02-15 16:38:40,913 DEBUG   HandlerThread:12824 [handler.py:handle_request():124] handle_request: poll_exit
2022-02-15 16:38:40,914 DEBUG   SenderThread:12824 [sender.py:send_request():193] send_request: poll_exit
2022-02-15 16:38:41,017 DEBUG   HandlerThread:12824 [handler.py:handle_request():124] handle_request: poll_exit
2022-02-15 16:38:41,017 DEBUG   SenderThread:12824 [sender.py:send_request():193] send_request: poll_exit
2022-02-15 16:38:41,122 DEBUG   HandlerThread:12824 [handler.py:handle_request():124] handle_request: poll_exit
2022-02-15 16:38:41,126 DEBUG   SenderThread:12824 [sender.py:send_request():193] send_request: poll_exit
2022-02-15 16:38:41,231 DEBUG   HandlerThread:12824 [handler.py:handle_request():124] handle_request: poll_exit
2022-02-15 16:38:41,243 DEBUG   SenderThread:12824 [sender.py:send_request():193] send_request: poll_exit
2022-02-15 16:38:41,348 DEBUG   HandlerThread:12824 [handler.py:handle_request():124] handle_request: poll_exit
2022-02-15 16:38:41,348 DEBUG   SenderThread:12824 [sender.py:send_request():193] send_request: poll_exit
2022-02-15 16:38:41,449 DEBUG   HandlerThread:12824 [handler.py:handle_request():124] handle_request: poll_exit
2022-02-15 16:38:41,449 DEBUG   SenderThread:12824 [sender.py:send_request():193] send_request: poll_exit
2022-02-15 16:38:41,554 DEBUG   HandlerThread:12824 [handler.py:handle_request():124] handle_request: poll_exit
2022-02-15 16:38:41,560 DEBUG   SenderThread:12824 [sender.py:send_request():193] send_request: poll_exit
2022-02-15 16:38:41,667 DEBUG   HandlerThread:12824 [handler.py:handle_request():124] handle_request: poll_exit
2022-02-15 16:38:41,668 DEBUG   SenderThread:12824 [sender.py:send_request():193] send_request: poll_exit
2022-02-15 16:38:41,771 DEBUG   HandlerThread:12824 [handler.py:handle_request():124] handle_request: poll_exit
2022-02-15 16:38:41,772 DEBUG   SenderThread:12824 [sender.py:send_request():193] send_request: poll_exit
2022-02-15 16:38:41,876 DEBUG   HandlerThread:12824 [handler.py:handle_request():124] handle_request: poll_exit
2022-02-15 16:38:41,878 DEBUG   SenderThread:12824 [sender.py:send_request():193] send_request: poll_exit
2022-02-15 16:38:41,983 DEBUG   HandlerThread:12824 [handler.py:handle_request():124] handle_request: poll_exit
2022-02-15 16:38:41,983 DEBUG   SenderThread:12824 [sender.py:send_request():193] send_request: poll_exit
2022-02-15 16:38:42,088 DEBUG   HandlerThread:12824 [handler.py:handle_request():124] handle_request: poll_exit
2022-02-15 16:38:42,089 DEBUG   SenderThread:12824 [sender.py:send_request():193] send_request: poll_exit
2022-02-15 16:38:42,191 DEBUG   HandlerThread:12824 [handler.py:handle_request():124] handle_request: poll_exit
2022-02-15 16:38:42,191 DEBUG   SenderThread:12824 [sender.py:send_request():193] send_request: poll_exit
2022-02-15 16:38:42,298 DEBUG   HandlerThread:12824 [handler.py:handle_request():124] handle_request: poll_exit
2022-02-15 16:38:42,298 DEBUG   SenderThread:12824 [sender.py:send_request():193] send_request: poll_exit
2022-02-15 16:38:42,401 DEBUG   HandlerThread:12824 [handler.py:handle_request():124] handle_request: poll_exit
2022-02-15 16:38:42,401 DEBUG   SenderThread:12824 [sender.py:send_request():193] send_request: poll_exit
2022-02-15 16:38:42,508 DEBUG   HandlerThread:12824 [handler.py:handle_request():124] handle_request: poll_exit
2022-02-15 16:38:42,509 DEBUG   SenderThread:12824 [sender.py:send_request():193] send_request: poll_exit
2022-02-15 16:38:42,612 DEBUG   HandlerThread:12824 [handler.py:handle_request():124] handle_request: poll_exit
2022-02-15 16:38:42,612 DEBUG   SenderThread:12824 [sender.py:send_request():193] send_request: poll_exit
2022-02-15 16:38:42,722 DEBUG   HandlerThread:12824 [handler.py:handle_request():124] handle_request: poll_exit
2022-02-15 16:38:42,722 DEBUG   SenderThread:12824 [sender.py:send_request():193] send_request: poll_exit
2022-02-15 16:38:42,824 DEBUG   HandlerThread:12824 [handler.py:handle_request():124] handle_request: poll_exit
2022-02-15 16:38:42,825 DEBUG   SenderThread:12824 [sender.py:send_request():193] send_request: poll_exit
2022-02-15 16:38:42,926 DEBUG   HandlerThread:12824 [handler.py:handle_request():124] handle_request: poll_exit
2022-02-15 16:38:42,927 DEBUG   SenderThread:12824 [sender.py:send_request():193] send_request: poll_exit
2022-02-15 16:38:43,029 DEBUG   HandlerThread:12824 [handler.py:handle_request():124] handle_request: poll_exit
2022-02-15 16:38:43,029 DEBUG   SenderThread:12824 [sender.py:send_request():193] send_request: poll_exit
2022-02-15 16:38:43,133 DEBUG   HandlerThread:12824 [handler.py:handle_request():124] handle_request: poll_exit
2022-02-15 16:38:43,134 DEBUG   SenderThread:12824 [sender.py:send_request():193] send_request: poll_exit
2022-02-15 16:38:43,238 DEBUG   HandlerThread:12824 [handler.py:handle_request():124] handle_request: poll_exit
2022-02-15 16:38:43,238 DEBUG   SenderThread:12824 [sender.py:send_request():193] send_request: poll_exit
2022-02-15 16:38:43,343 DEBUG   HandlerThread:12824 [handler.py:handle_request():124] handle_request: poll_exit
2022-02-15 16:38:43,343 DEBUG   SenderThread:12824 [sender.py:send_request():193] send_request: poll_exit
2022-02-15 16:38:43,449 DEBUG   HandlerThread:12824 [handler.py:handle_request():124] handle_request: poll_exit
2022-02-15 16:38:43,449 DEBUG   SenderThread:12824 [sender.py:send_request():193] send_request: poll_exit
2022-02-15 16:38:43,551 DEBUG   HandlerThread:12824 [handler.py:handle_request():124] handle_request: poll_exit
2022-02-15 16:38:43,551 DEBUG   SenderThread:12824 [sender.py:send_request():193] send_request: poll_exit
2022-02-15 16:38:43,657 DEBUG   HandlerThread:12824 [handler.py:handle_request():124] handle_request: poll_exit
2022-02-15 16:38:43,658 DEBUG   SenderThread:12824 [sender.py:send_request():193] send_request: poll_exit
2022-02-15 16:38:43,761 DEBUG   HandlerThread:12824 [handler.py:handle_request():124] handle_request: poll_exit
2022-02-15 16:38:43,761 DEBUG   SenderThread:12824 [sender.py:send_request():193] send_request: poll_exit
2022-02-15 16:38:43,865 DEBUG   HandlerThread:12824 [handler.py:handle_request():124] handle_request: poll_exit
2022-02-15 16:38:43,865 DEBUG   SenderThread:12824 [sender.py:send_request():193] send_request: poll_exit
2022-02-15 16:38:43,968 DEBUG   HandlerThread:12824 [handler.py:handle_request():124] handle_request: poll_exit
2022-02-15 16:38:43,969 DEBUG   SenderThread:12824 [sender.py:send_request():193] send_request: poll_exit
2022-02-15 16:38:44,076 DEBUG   HandlerThread:12824 [handler.py:handle_request():124] handle_request: poll_exit
2022-02-15 16:38:44,076 DEBUG   SenderThread:12824 [sender.py:send_request():193] send_request: poll_exit
2022-02-15 16:38:44,178 DEBUG   HandlerThread:12824 [handler.py:handle_request():124] handle_request: poll_exit
2022-02-15 16:38:44,178 DEBUG   SenderThread:12824 [sender.py:send_request():193] send_request: poll_exit
2022-02-15 16:38:44,284 DEBUG   HandlerThread:12824 [handler.py:handle_request():124] handle_request: poll_exit
2022-02-15 16:38:44,284 DEBUG   SenderThread:12824 [sender.py:send_request():193] send_request: poll_exit
2022-02-15 16:38:44,388 DEBUG   HandlerThread:12824 [handler.py:handle_request():124] handle_request: poll_exit
2022-02-15 16:38:44,388 DEBUG   SenderThread:12824 [sender.py:send_request():193] send_request: poll_exit
2022-02-15 16:38:44,493 DEBUG   HandlerThread:12824 [handler.py:handle_request():124] handle_request: poll_exit
2022-02-15 16:38:44,494 DEBUG   SenderThread:12824 [sender.py:send_request():193] send_request: poll_exit
2022-02-15 16:38:44,598 DEBUG   HandlerThread:12824 [handler.py:handle_request():124] handle_request: poll_exit
2022-02-15 16:38:44,598 DEBUG   SenderThread:12824 [sender.py:send_request():193] send_request: poll_exit
2022-02-15 16:38:44,704 DEBUG   HandlerThread:12824 [handler.py:handle_request():124] handle_request: poll_exit
2022-02-15 16:38:44,704 DEBUG   SenderThread:12824 [sender.py:send_request():193] send_request: poll_exit
2022-02-15 16:38:44,807 DEBUG   HandlerThread:12824 [handler.py:handle_request():124] handle_request: poll_exit
2022-02-15 16:38:44,807 DEBUG   SenderThread:12824 [sender.py:send_request():193] send_request: poll_exit
2022-02-15 16:38:44,909 DEBUG   HandlerThread:12824 [handler.py:handle_request():124] handle_request: poll_exit
2022-02-15 16:38:44,910 DEBUG   SenderThread:12824 [sender.py:send_request():193] send_request: poll_exit
2022-02-15 16:38:45,016 DEBUG   HandlerThread:12824 [handler.py:handle_request():124] handle_request: poll_exit
2022-02-15 16:38:45,016 DEBUG   SenderThread:12824 [sender.py:send_request():193] send_request: poll_exit
2022-02-15 16:38:45,122 DEBUG   HandlerThread:12824 [handler.py:handle_request():124] handle_request: poll_exit
2022-02-15 16:38:45,122 DEBUG   SenderThread:12824 [sender.py:send_request():193] send_request: poll_exit
2022-02-15 16:38:45,227 DEBUG   HandlerThread:12824 [handler.py:handle_request():124] handle_request: poll_exit
2022-02-15 16:38:45,227 DEBUG   SenderThread:12824 [sender.py:send_request():193] send_request: poll_exit
2022-02-15 16:38:45,331 DEBUG   HandlerThread:12824 [handler.py:handle_request():124] handle_request: poll_exit
2022-02-15 16:38:45,332 DEBUG   SenderThread:12824 [sender.py:send_request():193] send_request: poll_exit
2022-02-15 16:38:45,435 DEBUG   HandlerThread:12824 [handler.py:handle_request():124] handle_request: poll_exit
2022-02-15 16:38:45,435 DEBUG   SenderThread:12824 [sender.py:send_request():193] send_request: poll_exit
2022-02-15 16:38:45,537 DEBUG   HandlerThread:12824 [handler.py:handle_request():124] handle_request: poll_exit
2022-02-15 16:38:45,538 DEBUG   SenderThread:12824 [sender.py:send_request():193] send_request: poll_exit
2022-02-15 16:38:45,642 DEBUG   HandlerThread:12824 [handler.py:handle_request():124] handle_request: poll_exit
2022-02-15 16:38:45,642 DEBUG   SenderThread:12824 [sender.py:send_request():193] send_request: poll_exit
2022-02-15 16:38:45,745 DEBUG   HandlerThread:12824 [handler.py:handle_request():124] handle_request: poll_exit
2022-02-15 16:38:45,745 DEBUG   SenderThread:12824 [sender.py:send_request():193] send_request: poll_exit
2022-02-15 16:38:45,847 DEBUG   HandlerThread:12824 [handler.py:handle_request():124] handle_request: poll_exit
2022-02-15 16:38:45,847 DEBUG   SenderThread:12824 [sender.py:send_request():193] send_request: poll_exit
2022-02-15 16:38:45,949 DEBUG   HandlerThread:12824 [handler.py:handle_request():124] handle_request: poll_exit
2022-02-15 16:38:45,949 DEBUG   SenderThread:12824 [sender.py:send_request():193] send_request: poll_exit
2022-02-15 16:38:46,056 DEBUG   HandlerThread:12824 [handler.py:handle_request():124] handle_request: poll_exit
2022-02-15 16:38:46,056 DEBUG   SenderThread:12824 [sender.py:send_request():193] send_request: poll_exit
2022-02-15 16:38:46,162 DEBUG   HandlerThread:12824 [handler.py:handle_request():124] handle_request: poll_exit
2022-02-15 16:38:46,162 DEBUG   SenderThread:12824 [sender.py:send_request():193] send_request: poll_exit
2022-02-15 16:38:46,269 DEBUG   HandlerThread:12824 [handler.py:handle_request():124] handle_request: poll_exit
2022-02-15 16:38:46,269 DEBUG   SenderThread:12824 [sender.py:send_request():193] send_request: poll_exit
2022-02-15 16:38:46,372 DEBUG   HandlerThread:12824 [handler.py:handle_request():124] handle_request: poll_exit
2022-02-15 16:38:46,372 DEBUG   SenderThread:12824 [sender.py:send_request():193] send_request: poll_exit
2022-02-15 16:38:46,474 DEBUG   HandlerThread:12824 [handler.py:handle_request():124] handle_request: poll_exit
2022-02-15 16:38:46,474 DEBUG   SenderThread:12824 [sender.py:send_request():193] send_request: poll_exit
2022-02-15 16:38:46,580 DEBUG   HandlerThread:12824 [handler.py:handle_request():124] handle_request: poll_exit
2022-02-15 16:38:46,581 DEBUG   SenderThread:12824 [sender.py:send_request():193] send_request: poll_exit
2022-02-15 16:38:46,686 DEBUG   HandlerThread:12824 [handler.py:handle_request():124] handle_request: poll_exit
2022-02-15 16:38:46,686 DEBUG   SenderThread:12824 [sender.py:send_request():193] send_request: poll_exit
2022-02-15 16:38:46,788 DEBUG   HandlerThread:12824 [handler.py:handle_request():124] handle_request: poll_exit
2022-02-15 16:38:46,789 DEBUG   SenderThread:12824 [sender.py:send_request():193] send_request: poll_exit
2022-02-15 16:38:46,891 DEBUG   HandlerThread:12824 [handler.py:handle_request():124] handle_request: poll_exit
2022-02-15 16:38:46,891 DEBUG   SenderThread:12824 [sender.py:send_request():193] send_request: poll_exit
2022-02-15 16:38:46,993 DEBUG   HandlerThread:12824 [handler.py:handle_request():124] handle_request: poll_exit
2022-02-15 16:38:46,994 DEBUG   SenderThread:12824 [sender.py:send_request():193] send_request: poll_exit
2022-02-15 16:38:47,096 DEBUG   HandlerThread:12824 [handler.py:handle_request():124] handle_request: poll_exit
2022-02-15 16:38:47,096 DEBUG   SenderThread:12824 [sender.py:send_request():193] send_request: poll_exit
2022-02-15 16:38:47,201 DEBUG   HandlerThread:12824 [handler.py:handle_request():124] handle_request: poll_exit
2022-02-15 16:38:47,202 DEBUG   SenderThread:12824 [sender.py:send_request():193] send_request: poll_exit
2022-02-15 16:38:47,304 DEBUG   HandlerThread:12824 [handler.py:handle_request():124] handle_request: poll_exit
2022-02-15 16:38:47,304 DEBUG   SenderThread:12824 [sender.py:send_request():193] send_request: poll_exit
2022-02-15 16:38:47,407 DEBUG   HandlerThread:12824 [handler.py:handle_request():124] handle_request: poll_exit
2022-02-15 16:38:47,408 DEBUG   SenderThread:12824 [sender.py:send_request():193] send_request: poll_exit
2022-02-15 16:38:47,510 DEBUG   HandlerThread:12824 [handler.py:handle_request():124] handle_request: poll_exit
2022-02-15 16:38:47,510 DEBUG   SenderThread:12824 [sender.py:send_request():193] send_request: poll_exit
2022-02-15 16:38:47,616 DEBUG   HandlerThread:12824 [handler.py:handle_request():124] handle_request: poll_exit
2022-02-15 16:38:47,616 DEBUG   SenderThread:12824 [sender.py:send_request():193] send_request: poll_exit
2022-02-15 16:38:47,718 DEBUG   HandlerThread:12824 [handler.py:handle_request():124] handle_request: poll_exit
2022-02-15 16:38:47,718 DEBUG   SenderThread:12824 [sender.py:send_request():193] send_request: poll_exit
2022-02-15 16:38:47,820 DEBUG   HandlerThread:12824 [handler.py:handle_request():124] handle_request: poll_exit
2022-02-15 16:38:47,820 DEBUG   SenderThread:12824 [sender.py:send_request():193] send_request: poll_exit
2022-02-15 16:38:47,922 DEBUG   HandlerThread:12824 [handler.py:handle_request():124] handle_request: poll_exit
2022-02-15 16:38:47,923 DEBUG   SenderThread:12824 [sender.py:send_request():193] send_request: poll_exit
2022-02-15 16:38:48,028 DEBUG   HandlerThread:12824 [handler.py:handle_request():124] handle_request: poll_exit
2022-02-15 16:38:48,030 DEBUG   SenderThread:12824 [sender.py:send_request():193] send_request: poll_exit
2022-02-15 16:38:48,137 DEBUG   HandlerThread:12824 [handler.py:handle_request():124] handle_request: poll_exit
2022-02-15 16:38:48,138 DEBUG   SenderThread:12824 [sender.py:send_request():193] send_request: poll_exit
2022-02-15 16:38:48,251 DEBUG   HandlerThread:12824 [handler.py:handle_request():124] handle_request: poll_exit
2022-02-15 16:38:48,252 DEBUG   SenderThread:12824 [sender.py:send_request():193] send_request: poll_exit
2022-02-15 16:38:48,339 INFO    Thread-12 :12824 [upload_job.py:push():133] Uploaded file /Users/jelaleddin/MLPipeline-TelcoCustomerChurn/components/train_model/wandb/run-20220215_163710-3ayoi3vp/files/requirements.txt
2022-02-15 16:38:48,361 DEBUG   HandlerThread:12824 [handler.py:handle_request():124] handle_request: poll_exit
2022-02-15 16:38:48,362 DEBUG   SenderThread:12824 [sender.py:send_request():193] send_request: poll_exit
2022-02-15 16:38:48,379 INFO    Thread-13 :12824 [upload_job.py:push():133] Uploaded file /Users/jelaleddin/MLPipeline-TelcoCustomerChurn/components/train_model/wandb/run-20220215_163710-3ayoi3vp/files/output.log
2022-02-15 16:38:48,464 DEBUG   HandlerThread:12824 [handler.py:handle_request():124] handle_request: poll_exit
2022-02-15 16:38:48,464 DEBUG   SenderThread:12824 [sender.py:send_request():193] send_request: poll_exit
2022-02-15 16:38:48,570 DEBUG   HandlerThread:12824 [handler.py:handle_request():124] handle_request: poll_exit
2022-02-15 16:38:48,570 DEBUG   SenderThread:12824 [sender.py:send_request():193] send_request: poll_exit
2022-02-15 16:38:48,578 INFO    Thread-15 :12824 [upload_job.py:push():133] Uploaded file /Users/jelaleddin/MLPipeline-TelcoCustomerChurn/components/train_model/wandb/run-20220215_163710-3ayoi3vp/files/wandb-summary.json
2022-02-15 16:38:48,672 DEBUG   HandlerThread:12824 [handler.py:handle_request():124] handle_request: poll_exit
2022-02-15 16:38:48,673 DEBUG   SenderThread:12824 [sender.py:send_request():193] send_request: poll_exit
2022-02-15 16:38:48,770 INFO    Thread-16 :12824 [upload_job.py:push():133] Uploaded file /Users/jelaleddin/MLPipeline-TelcoCustomerChurn/components/train_model/wandb/run-20220215_163710-3ayoi3vp/files/conda-environment.yaml
2022-02-15 16:38:48,777 DEBUG   HandlerThread:12824 [handler.py:handle_request():124] handle_request: poll_exit
2022-02-15 16:38:48,777 DEBUG   SenderThread:12824 [sender.py:send_request():193] send_request: poll_exit
2022-02-15 16:38:48,882 DEBUG   HandlerThread:12824 [handler.py:handle_request():124] handle_request: poll_exit
2022-02-15 16:38:48,882 DEBUG   SenderThread:12824 [sender.py:send_request():193] send_request: poll_exit
2022-02-15 16:38:48,892 INFO    Thread-11 :12824 [upload_job.py:push():133] Uploaded file /var/folders/t_/s5_fbxpn7_g2q89lqrxbq6j40000gn/T/tmp2ww9eme4wandb/20m9n3d4-wandb-metadata.json
2022-02-15 16:38:48,987 DEBUG   HandlerThread:12824 [handler.py:handle_request():124] handle_request: poll_exit
2022-02-15 16:38:48,987 DEBUG   SenderThread:12824 [sender.py:send_request():193] send_request: poll_exit
2022-02-15 16:38:49,094 DEBUG   HandlerThread:12824 [handler.py:handle_request():124] handle_request: poll_exit
2022-02-15 16:38:49,095 DEBUG   SenderThread:12824 [sender.py:send_request():193] send_request: poll_exit
2022-02-15 16:38:49,198 DEBUG   HandlerThread:12824 [handler.py:handle_request():124] handle_request: poll_exit
2022-02-15 16:38:49,198 DEBUG   SenderThread:12824 [sender.py:send_request():193] send_request: poll_exit
2022-02-15 16:38:49,304 DEBUG   HandlerThread:12824 [handler.py:handle_request():124] handle_request: poll_exit
2022-02-15 16:38:49,304 DEBUG   SenderThread:12824 [sender.py:send_request():193] send_request: poll_exit
2022-02-15 16:38:49,372 INFO    Thread-14 :12824 [upload_job.py:push():133] Uploaded file /Users/jelaleddin/MLPipeline-TelcoCustomerChurn/components/train_model/wandb/run-20220215_163710-3ayoi3vp/files/config.yaml
2022-02-15 16:38:49,409 DEBUG   HandlerThread:12824 [handler.py:handle_request():124] handle_request: poll_exit
2022-02-15 16:38:49,409 DEBUG   SenderThread:12824 [sender.py:send_request():193] send_request: poll_exit
2022-02-15 16:38:49,514 DEBUG   HandlerThread:12824 [handler.py:handle_request():124] handle_request: poll_exit
2022-02-15 16:38:49,514 DEBUG   SenderThread:12824 [sender.py:send_request():193] send_request: poll_exit
2022-02-15 16:38:49,619 DEBUG   HandlerThread:12824 [handler.py:handle_request():124] handle_request: poll_exit
2022-02-15 16:38:49,619 DEBUG   SenderThread:12824 [sender.py:send_request():193] send_request: poll_exit
2022-02-15 16:38:49,619 INFO    SenderThread:12824 [file_pusher.py:join():181] waiting for file pusher
2022-02-15 16:38:49,625 DEBUG   HandlerThread:12824 [handler.py:handle_request():124] handle_request: get_summary
2022-02-15 16:38:49,626 DEBUG   HandlerThread:12824 [handler.py:handle_request():124] handle_request: sampled_history
2022-02-15 16:38:49,626 DEBUG   HandlerThread:12824 [handler.py:handle_request():124] handle_request: shutdown
2022-02-15 16:38:49,627 INFO    HandlerThread:12824 [handler.py:finish():638] shutting down handler
2022-02-15 16:38:50,414 INFO    WriterThread:12824 [datastore.py:close():258] close: /Users/jelaleddin/MLPipeline-TelcoCustomerChurn/components/train_model/wandb/run-20220215_163710-3ayoi3vp/run-3ayoi3vp.wandb
2022-02-15 16:38:50,625 INFO    SenderThread:12824 [sender.py:finish():933] shutting down sender
2022-02-15 16:38:50,625 INFO    SenderThread:12824 [file_pusher.py:finish():176] shutting down file pusher
2022-02-15 16:38:50,625 INFO    SenderThread:12824 [file_pusher.py:join():181] waiting for file pusher
2022-02-15 16:38:50,630 INFO    MainThread:12824 [internal.py:handle_exit():78] Internal process exited
